2018-06-23 14:36:53,095 [18] DEBUG PayPal.Api.PayPalResource [(null)] Content-Type:application/x-www-form-urlencoded
2018-06-23 14:36:53,119 [18] DEBUG PayPal.Api.PayPalResource [(null)] User-Agent:PayPalSDK/PayPal-NET-SDK 1.9.1 (lang=DOTNET;v=4.5.1;clr=4.0.30319.42000;bit=64;os=Microsoft Windows NT 6.1.7601 Service Pack 1)
2018-06-23 14:36:53,119 [18] DEBUG PayPal.Api.PayPalResource [(null)] Authorization:Basic QWI0VlFjQmFVdEw2c2o5N1pZQTl6ME9kQURsT24xb3R2aGdtR1dORTAtOHl0WFlHNWRyQmNTZlRxdWdTT282cTFKUEtzVEVidllacU1Vb1g6RU5zUy1xT2NINmFnWUFic3J6cEtiMVNUQzdib2VDYjdqMDBOMGZxbmJ2bXB6R2NBd2F6VHBaeHgyUVcxTDdKTFRqMHYtRGlRX0V5UHdyTTE=
2018-06-23 14:36:53,119 [18] DEBUG PayPal.Api.PayPalResource [(null)] PayPal-Request-Id:cb860b4a-59d2-4976-8167-f2ac73943f42
2018-06-23 14:36:53,418 [18] DEBUG PayPal.Api.HttpConnection [(null)] grant_type=client_credentials
2018-06-23 14:36:55,085 [18] DEBUG PayPal.Api.HttpConnection [(null)] Service response: 
2018-06-23 14:36:55,086 [18] DEBUG PayPal.Api.HttpConnection [(null)] {"scope":"https://api.paypal.com/v1/payments/.* https://uri.paypal.com/services/payments/refund https://uri.paypal.com/services/applications/webhooks https://uri.paypal.com/services/payments/payment/authcapture https://uri.paypal.com/payments/payouts https://api.paypal.com/v1/vault/credit-card/.* https://uri.paypal.com/services/disputes/read-seller https://uri.paypal.com/services/subscriptions https://uri.paypal.com/services/disputes/read-buyer https://api.paypal.com/v1/vault/credit-card openid https://uri.paypal.com/services/disputes/update-seller https://uri.paypal.com/services/payments/realtimepayment","nonce":"2018-06-23T06:36:26ZyC64ZOfRCg1PFa7kvIvPp1fUlrgqBMj7oH1InmFdwXU","access_token":"A21AAF1b1Gru2JRJUI_R42IwW3rovglYn8AVd9UBKdiRK3E24XyTv23wMe-0mn4-kqmjHZuDNx111Kuk50lEnks06f4ZUS4Cg","token_type":"Bearer","app_id":"APP-80W284485P519543T","expires_in":32400}
2018-06-23 14:36:55,358 [18] DEBUG PayPal.Api.PayPalResource [(null)] Content-Type:application/json
2018-06-23 14:36:55,358 [18] DEBUG PayPal.Api.PayPalResource [(null)] User-Agent:PayPalSDK/PayPal-NET-SDK 1.9.1 (lang=DOTNET;v=4.5.1;clr=4.0.30319.42000;bit=64;os=Microsoft Windows NT 6.1.7601 Service Pack 1)
2018-06-23 14:36:55,358 [18] DEBUG PayPal.Api.PayPalResource [(null)] Authorization:Bearer A21AAF1b1Gru2JRJUI_R42IwW3rovglYn8AVd9UBKdiRK3E24XyTv23wMe-0mn4-kqmjHZuDNx111Kuk50lEnks06f4ZUS4Cg
2018-06-23 14:36:55,359 [18] DEBUG PayPal.Api.PayPalResource [(null)] PayPal-Request-Id:8cee6aa2-b277-4924-904a-222ecaa149f5
2018-06-23 14:36:55,600 [18] DEBUG PayPal.Api.HttpConnection [(null)] {"intent":"sale","payer":{"payment_method":"paypal"},"transactions":[{"amount":{"currency":"USD","total":"7","details":{"subtotal":"5","shipping":"1","tax":"1"}},"description":"Transaction description.","invoice_number":"your invoice number","item_list":{"items":[{"sku":"sku","name":"Item Name","quantity":"1","price":"5","currency":"USD"}]}}],"redirect_urls":{"return_url":"http://localhost:53632/Paypal/PaymentWithPayPal?guid=55271","cancel_url":"http://localhost:53632/Paypal/PaymentWithPayPal?guid=55271"}}
2018-06-23 14:36:56,686 [18] DEBUG PayPal.Api.HttpConnection [(null)] Service response: 
2018-06-23 14:36:56,686 [18] DEBUG PayPal.Api.HttpConnection [(null)] {"id":"PAY-7801207321003004BLMW6U3A","intent":"sale","state":"created","payer":{"payment_method":"paypal"},"transactions":[{"amount":{"total":"7.00","currency":"USD","details":{"subtotal":"5.00","tax":"1.00","shipping":"1.00"}},"description":"Transaction description.","invoice_number":"your invoice number","item_list":{"items":[{"name":"Item Name","sku":"sku","price":"5.00","currency":"USD","quantity":1}]},"related_resources":[]}],"create_time":"2018-06-23T06:36:27Z","links":[{"href":"https://api.sandbox.paypal.com/v1/payments/payment/PAY-7801207321003004BLMW6U3A","rel":"self","method":"GET"},{"href":"https://www.sandbox.paypal.com/cgi-bin/webscr?cmd=_express-checkout&token=EC-1D998469GJ714491S","rel":"approval_url","method":"REDIRECT"},{"href":"https://api.sandbox.paypal.com/v1/payments/payment/PAY-7801207321003004BLMW6U3A/execute","rel":"execute","method":"POST"}]}
2018-06-23 14:41:24,482 [7] DEBUG PayPal.Api.PayPalResource [(null)] Content-Type:application/x-www-form-urlencoded
2018-06-23 14:41:24,504 [7] DEBUG PayPal.Api.PayPalResource [(null)] User-Agent:PayPalSDK/PayPal-NET-SDK 1.9.1 (lang=DOTNET;v=4.5.1;clr=4.0.30319.42000;bit=64;os=Microsoft Windows NT 6.1.7601 Service Pack 1)
2018-06-23 14:41:24,504 [7] DEBUG PayPal.Api.PayPalResource [(null)] Authorization:Basic QWI0VlFjQmFVdEw2c2o5N1pZQTl6ME9kQURsT24xb3R2aGdtR1dORTAtOHl0WFlHNWRyQmNTZlRxdWdTT282cTFKUEtzVEVidllacU1Vb1g6RU5zUy1xT2NINmFnWUFic3J6cEtiMVNUQzdib2VDYjdqMDBOMGZxbmJ2bXB6R2NBd2F6VHBaeHgyUVcxTDdKTFRqMHYtRGlRX0V5UHdyTTE=
2018-06-23 14:41:24,505 [7] DEBUG PayPal.Api.PayPalResource [(null)] PayPal-Request-Id:1ee4be64-4407-4d49-8802-038e66d10d01
2018-06-23 14:41:24,752 [7] DEBUG PayPal.Api.HttpConnection [(null)] grant_type=client_credentials
2018-06-23 14:41:25,573 [7] DEBUG PayPal.Api.HttpConnection [(null)] Service response: 
2018-06-23 14:41:25,573 [7] DEBUG PayPal.Api.HttpConnection [(null)] {"scope":"https://api.paypal.com/v1/payments/.* https://uri.paypal.com/services/payments/refund https://uri.paypal.com/services/applications/webhooks https://uri.paypal.com/services/payments/payment/authcapture https://uri.paypal.com/payments/payouts https://api.paypal.com/v1/vault/credit-card/.* https://uri.paypal.com/services/disputes/read-seller https://uri.paypal.com/services/subscriptions https://uri.paypal.com/services/disputes/read-buyer https://api.paypal.com/v1/vault/credit-card openid https://uri.paypal.com/services/disputes/update-seller https://uri.paypal.com/services/payments/realtimepayment","nonce":"2018-06-23T06:36:26ZyC64ZOfRCg1PFa7kvIvPp1fUlrgqBMj7oH1InmFdwXU","access_token":"A21AAF1b1Gru2JRJUI_R42IwW3rovglYn8AVd9UBKdiRK3E24XyTv23wMe-0mn4-kqmjHZuDNx111Kuk50lEnks06f4ZUS4Cg","token_type":"Bearer","app_id":"APP-80W284485P519543T","expires_in":32130}
2018-06-23 14:43:59,136 [7] DEBUG PayPal.Api.PayPalResource [(null)] Content-Type:application/json
2018-06-23 14:43:59,136 [7] DEBUG PayPal.Api.PayPalResource [(null)] User-Agent:PayPalSDK/PayPal-NET-SDK 1.9.1 (lang=DOTNET;v=4.5.1;clr=4.0.30319.42000;bit=64;os=Microsoft Windows NT 6.1.7601 Service Pack 1)
2018-06-23 14:43:59,137 [7] DEBUG PayPal.Api.PayPalResource [(null)] Authorization:Bearer A21AAF1b1Gru2JRJUI_R42IwW3rovglYn8AVd9UBKdiRK3E24XyTv23wMe-0mn4-kqmjHZuDNx111Kuk50lEnks06f4ZUS4Cg
2018-06-23 14:43:59,137 [7] DEBUG PayPal.Api.PayPalResource [(null)] PayPal-Request-Id:ba79fafc-bec6-47e8-a2bb-18d4f22f3bc7
2018-06-23 14:43:59,325 [7] DEBUG PayPal.Api.HttpConnection [(null)] {"intent":"sale","payer":{"payment_method":"paypal"},"transactions":[{"amount":{"currency":"USD","total":"7","details":{"subtotal":"5","shipping":"1","tax":"1"}},"description":"Transaction description.","invoice_number":"your invoice number","item_list":{"items":[{"sku":"sku","name":"Item Name","quantity":"1","price":"5","currency":"USD"}]}}],"redirect_urls":{"return_url":"http://localhost:53632/Paypal/PaymentWithPayPal?guid=21624","cancel_url":"http://localhost:53632/Paypal/PaymentWithPayPal?guid=21624"}}
2018-06-23 14:44:00,325 [7] DEBUG PayPal.Api.HttpConnection [(null)] Service response: 
2018-06-23 14:44:00,325 [7] DEBUG PayPal.Api.HttpConnection [(null)] {"id":"PAY-7UP20207E6955240RLMW6YEY","intent":"sale","state":"created","payer":{"payment_method":"paypal"},"transactions":[{"amount":{"total":"7.00","currency":"USD","details":{"subtotal":"5.00","tax":"1.00","shipping":"1.00"}},"description":"Transaction description.","invoice_number":"your invoice number","item_list":{"items":[{"name":"Item Name","sku":"sku","price":"5.00","currency":"USD","quantity":1}]},"related_resources":[]}],"create_time":"2018-06-23T06:43:31Z","links":[{"href":"https://api.sandbox.paypal.com/v1/payments/payment/PAY-7UP20207E6955240RLMW6YEY","rel":"self","method":"GET"},{"href":"https://www.sandbox.paypal.com/cgi-bin/webscr?cmd=_express-checkout&token=EC-0J511110LS636270U","rel":"approval_url","method":"REDIRECT"},{"href":"https://api.sandbox.paypal.com/v1/payments/payment/PAY-7UP20207E6955240RLMW6YEY/execute","rel":"execute","method":"POST"}]}
2018-06-23 14:45:52,178 [7] DEBUG PayPal.Api.PayPalResource [(null)] Content-Type:application/x-www-form-urlencoded
2018-06-23 14:45:52,201 [7] DEBUG PayPal.Api.PayPalResource [(null)] User-Agent:PayPalSDK/PayPal-NET-SDK 1.9.1 (lang=DOTNET;v=4.5.1;clr=4.0.30319.42000;bit=64;os=Microsoft Windows NT 6.1.7601 Service Pack 1)
2018-06-23 14:45:52,201 [7] DEBUG PayPal.Api.PayPalResource [(null)] Authorization:Basic QWI0VlFjQmFVdEw2c2o5N1pZQTl6ME9kQURsT24xb3R2aGdtR1dORTAtOHl0WFlHNWRyQmNTZlRxdWdTT282cTFKUEtzVEVidllacU1Vb1g6RU5zUy1xT2NINmFnWUFic3J6cEtiMVNUQzdib2VDYjdqMDBOMGZxbmJ2bXB6R2NBd2F6VHBaeHgyUVcxTDdKTFRqMHYtRGlRX0V5UHdyTTE=
2018-06-23 14:45:52,202 [7] DEBUG PayPal.Api.PayPalResource [(null)] PayPal-Request-Id:1901a111-4cf4-4ddd-b1a7-5317a277ad77
2018-06-23 14:45:52,453 [7] DEBUG PayPal.Api.HttpConnection [(null)] grant_type=client_credentials
2018-06-23 14:45:53,280 [7] DEBUG PayPal.Api.HttpConnection [(null)] Service response: 
2018-06-23 14:45:53,280 [7] DEBUG PayPal.Api.HttpConnection [(null)] {"scope":"https://api.paypal.com/v1/payments/.* https://uri.paypal.com/services/payments/refund https://uri.paypal.com/services/applications/webhooks https://uri.paypal.com/services/payments/payment/authcapture https://uri.paypal.com/payments/payouts https://api.paypal.com/v1/vault/credit-card/.* https://uri.paypal.com/services/disputes/read-seller https://uri.paypal.com/services/subscriptions https://uri.paypal.com/services/disputes/read-buyer https://api.paypal.com/v1/vault/credit-card openid https://uri.paypal.com/services/disputes/update-seller https://uri.paypal.com/services/payments/realtimepayment","nonce":"2018-06-23T06:36:26ZyC64ZOfRCg1PFa7kvIvPp1fUlrgqBMj7oH1InmFdwXU","access_token":"A21AAF1b1Gru2JRJUI_R42IwW3rovglYn8AVd9UBKdiRK3E24XyTv23wMe-0mn4-kqmjHZuDNx111Kuk50lEnks06f4ZUS4Cg","token_type":"Bearer","app_id":"APP-80W284485P519543T","expires_in":31862}
2018-06-23 14:45:57,342 [7] DEBUG PayPal.Api.PayPalResource [(null)] Content-Type:application/json
2018-06-23 14:45:57,342 [7] DEBUG PayPal.Api.PayPalResource [(null)] User-Agent:PayPalSDK/PayPal-NET-SDK 1.9.1 (lang=DOTNET;v=4.5.1;clr=4.0.30319.42000;bit=64;os=Microsoft Windows NT 6.1.7601 Service Pack 1)
2018-06-23 14:45:57,342 [7] DEBUG PayPal.Api.PayPalResource [(null)] Authorization:Bearer A21AAF1b1Gru2JRJUI_R42IwW3rovglYn8AVd9UBKdiRK3E24XyTv23wMe-0mn4-kqmjHZuDNx111Kuk50lEnks06f4ZUS4Cg
2018-06-23 14:45:57,343 [7] DEBUG PayPal.Api.PayPalResource [(null)] PayPal-Request-Id:e8a9cc25-4ab6-40c0-ae92-75a3cc7127fe
2018-06-23 14:45:57,522 [7] DEBUG PayPal.Api.HttpConnection [(null)] {"intent":"sale","payer":{"payment_method":"paypal"},"transactions":[{"amount":{"currency":"USD","total":"7","details":{"subtotal":"5","shipping":"1","tax":"1"}},"description":"Transaction description.","invoice_number":"your invoice number","item_list":{"items":[{"sku":"sku","name":"Item Name","quantity":"1","price":"5","currency":"USD"}]}}],"redirect_urls":{"return_url":"http://localhost:53632/Paypal/PaymentWithPayPal?guid=21585","cancel_url":"http://localhost:53632/Paypal/PaymentWithPayPal?guid=21585"}}
2018-06-23 14:45:58,437 [7] DEBUG PayPal.Api.HttpConnection [(null)] Service response: 
2018-06-23 14:45:58,437 [7] DEBUG PayPal.Api.HttpConnection [(null)] {"id":"PAY-82839926RH098753KLMW6ZCI","intent":"sale","state":"created","payer":{"payment_method":"paypal"},"transactions":[{"amount":{"total":"7.00","currency":"USD","details":{"subtotal":"5.00","tax":"1.00","shipping":"1.00"}},"description":"Transaction description.","invoice_number":"your invoice number","item_list":{"items":[{"name":"Item Name","sku":"sku","price":"5.00","currency":"USD","quantity":1}]},"related_resources":[]}],"create_time":"2018-06-23T06:45:29Z","links":[{"href":"https://api.sandbox.paypal.com/v1/payments/payment/PAY-82839926RH098753KLMW6ZCI","rel":"self","method":"GET"},{"href":"https://www.sandbox.paypal.com/cgi-bin/webscr?cmd=_express-checkout&token=EC-09H74355WM547890K","rel":"approval_url","method":"REDIRECT"},{"href":"https://api.sandbox.paypal.com/v1/payments/payment/PAY-82839926RH098753KLMW6ZCI/execute","rel":"execute","method":"POST"}]}
2018-06-23 14:46:45,100 [11] DEBUG PayPal.Api.PayPalResource [(null)] Content-Type:application/x-www-form-urlencoded
2018-06-23 14:46:45,123 [11] DEBUG PayPal.Api.PayPalResource [(null)] User-Agent:PayPalSDK/PayPal-NET-SDK 1.9.1 (lang=DOTNET;v=4.5.1;clr=4.0.30319.42000;bit=64;os=Microsoft Windows NT 6.1.7601 Service Pack 1)
2018-06-23 14:46:45,124 [11] DEBUG PayPal.Api.PayPalResource [(null)] Authorization:Basic QWI0VlFjQmFVdEw2c2o5N1pZQTl6ME9kQURsT24xb3R2aGdtR1dORTAtOHl0WFlHNWRyQmNTZlRxdWdTT282cTFKUEtzVEVidllacU1Vb1g6RU5zUy1xT2NINmFnWUFic3J6cEtiMVNUQzdib2VDYjdqMDBOMGZxbmJ2bXB6R2NBd2F6VHBaeHgyUVcxTDdKTFRqMHYtRGlRX0V5UHdyTTE=
2018-06-23 14:46:45,124 [11] DEBUG PayPal.Api.PayPalResource [(null)] PayPal-Request-Id:24c9ef45-beae-4cb1-90cf-409538963003
2018-06-23 14:46:45,350 [11] DEBUG PayPal.Api.HttpConnection [(null)] grant_type=client_credentials
2018-06-23 14:46:46,287 [11] DEBUG PayPal.Api.HttpConnection [(null)] Service response: 
2018-06-23 14:46:46,287 [11] DEBUG PayPal.Api.HttpConnection [(null)] {"scope":"https://api.paypal.com/v1/payments/.* https://uri.paypal.com/services/payments/refund https://uri.paypal.com/services/applications/webhooks https://uri.paypal.com/services/payments/payment/authcapture https://uri.paypal.com/payments/payouts https://api.paypal.com/v1/vault/credit-card/.* https://uri.paypal.com/services/disputes/read-seller https://uri.paypal.com/services/subscriptions https://uri.paypal.com/services/disputes/read-buyer https://api.paypal.com/v1/vault/credit-card openid https://uri.paypal.com/services/disputes/update-seller https://uri.paypal.com/services/payments/realtimepayment","nonce":"2018-06-23T06:36:26ZyC64ZOfRCg1PFa7kvIvPp1fUlrgqBMj7oH1InmFdwXU","access_token":"A21AAF1b1Gru2JRJUI_R42IwW3rovglYn8AVd9UBKdiRK3E24XyTv23wMe-0mn4-kqmjHZuDNx111Kuk50lEnks06f4ZUS4Cg","token_type":"Bearer","app_id":"APP-80W284485P519543T","expires_in":31809}
2018-06-23 14:46:46,593 [11] DEBUG PayPal.Api.PayPalResource [(null)] Content-Type:application/json
2018-06-23 14:46:46,593 [11] DEBUG PayPal.Api.PayPalResource [(null)] User-Agent:PayPalSDK/PayPal-NET-SDK 1.9.1 (lang=DOTNET;v=4.5.1;clr=4.0.30319.42000;bit=64;os=Microsoft Windows NT 6.1.7601 Service Pack 1)
2018-06-23 14:46:46,593 [11] DEBUG PayPal.Api.PayPalResource [(null)] Authorization:Bearer A21AAF1b1Gru2JRJUI_R42IwW3rovglYn8AVd9UBKdiRK3E24XyTv23wMe-0mn4-kqmjHZuDNx111Kuk50lEnks06f4ZUS4Cg
2018-06-23 14:46:46,594 [11] DEBUG PayPal.Api.PayPalResource [(null)] PayPal-Request-Id:2ce6342a-7e50-4669-a490-e91fc1b3acce
2018-06-23 14:46:46,820 [11] DEBUG PayPal.Api.HttpConnection [(null)] {"intent":"sale","payer":{"payment_method":"paypal"},"transactions":[{"amount":{"currency":"USD","total":"7","details":{"subtotal":"5","shipping":"1","tax":"1"}},"description":"Transaction description.","invoice_number":"your invoice number","item_list":{"items":[{"sku":"sku","name":"Item Name","quantity":"1","price":"5","currency":"USD"}]}}],"redirect_urls":{"return_url":"http://localhost:53632/Paypal/PaymentWithPayPal?guid=96574","cancel_url":"http://localhost:53632/Paypal/PaymentWithPayPal?guid=96574"}}
2018-06-23 14:46:47,854 [11] DEBUG PayPal.Api.HttpConnection [(null)] Service response: 
2018-06-23 14:46:47,854 [11] DEBUG PayPal.Api.HttpConnection [(null)] {"id":"PAY-464854593H942242XLMW6ZOY","intent":"sale","state":"created","payer":{"payment_method":"paypal"},"transactions":[{"amount":{"total":"7.00","currency":"USD","details":{"subtotal":"5.00","tax":"1.00","shipping":"1.00"}},"description":"Transaction description.","invoice_number":"your invoice number","item_list":{"items":[{"name":"Item Name","sku":"sku","price":"5.00","currency":"USD","quantity":1}]},"related_resources":[]}],"create_time":"2018-06-23T06:46:18Z","links":[{"href":"https://api.sandbox.paypal.com/v1/payments/payment/PAY-464854593H942242XLMW6ZOY","rel":"self","method":"GET"},{"href":"https://www.sandbox.paypal.com/cgi-bin/webscr?cmd=_express-checkout&token=EC-985845682N243484U","rel":"approval_url","method":"REDIRECT"},{"href":"https://api.sandbox.paypal.com/v1/payments/payment/PAY-464854593H942242XLMW6ZOY/execute","rel":"execute","method":"POST"}]}
2018-06-23 14:53:15,336 [7] DEBUG PayPal.Api.PayPalResource [(null)] Content-Type:application/x-www-form-urlencoded
2018-06-23 14:53:15,360 [7] DEBUG PayPal.Api.PayPalResource [(null)] User-Agent:PayPalSDK/PayPal-NET-SDK 1.9.1 (lang=DOTNET;v=4.5.1;clr=4.0.30319.42000;bit=64;os=Microsoft Windows NT 6.1.7601 Service Pack 1)
2018-06-23 14:53:15,360 [7] DEBUG PayPal.Api.PayPalResource [(null)] Authorization:Basic QWI0VlFjQmFVdEw2c2o5N1pZQTl6ME9kQURsT24xb3R2aGdtR1dORTAtOHl0WFlHNWRyQmNTZlRxdWdTT282cTFKUEtzVEVidllacU1Vb1g6RU5zUy1xT2NINmFnWUFic3J6cEtiMVNUQzdib2VDYjdqMDBOMGZxbmJ2bXB6R2NBd2F6VHBaeHgyUVcxTDdKTFRqMHYtRGlRX0V5UHdyTTE=
2018-06-23 14:53:15,360 [7] DEBUG PayPal.Api.PayPalResource [(null)] PayPal-Request-Id:96b38fb8-8af2-4224-ad21-31d197138849
2018-06-23 14:53:15,607 [7] DEBUG PayPal.Api.HttpConnection [(null)] grant_type=client_credentials
2018-06-23 14:53:16,423 [7] DEBUG PayPal.Api.HttpConnection [(null)] Service response: 
2018-06-23 14:53:16,424 [7] DEBUG PayPal.Api.HttpConnection [(null)] {"scope":"https://api.paypal.com/v1/payments/.* https://uri.paypal.com/services/payments/refund https://uri.paypal.com/services/applications/webhooks https://uri.paypal.com/services/payments/payment/authcapture https://uri.paypal.com/payments/payouts https://api.paypal.com/v1/vault/credit-card/.* https://uri.paypal.com/services/disputes/read-seller https://uri.paypal.com/services/subscriptions https://uri.paypal.com/services/disputes/read-buyer https://api.paypal.com/v1/vault/credit-card openid https://uri.paypal.com/services/disputes/update-seller https://uri.paypal.com/services/payments/realtimepayment","nonce":"2018-06-23T06:36:26ZyC64ZOfRCg1PFa7kvIvPp1fUlrgqBMj7oH1InmFdwXU","access_token":"A21AAF1b1Gru2JRJUI_R42IwW3rovglYn8AVd9UBKdiRK3E24XyTv23wMe-0mn4-kqmjHZuDNx111Kuk50lEnks06f4ZUS4Cg","token_type":"Bearer","app_id":"APP-80W284485P519543T","expires_in":31419}
2018-06-23 14:53:16,730 [7] DEBUG PayPal.Api.PayPalResource [(null)] Content-Type:application/json
2018-06-23 14:53:16,730 [7] DEBUG PayPal.Api.PayPalResource [(null)] User-Agent:PayPalSDK/PayPal-NET-SDK 1.9.1 (lang=DOTNET;v=4.5.1;clr=4.0.30319.42000;bit=64;os=Microsoft Windows NT 6.1.7601 Service Pack 1)
2018-06-23 14:53:16,730 [7] DEBUG PayPal.Api.PayPalResource [(null)] Authorization:Bearer A21AAF1b1Gru2JRJUI_R42IwW3rovglYn8AVd9UBKdiRK3E24XyTv23wMe-0mn4-kqmjHZuDNx111Kuk50lEnks06f4ZUS4Cg
2018-06-23 14:53:16,730 [7] DEBUG PayPal.Api.PayPalResource [(null)] PayPal-Request-Id:12c97f9d-32f4-4753-acc9-903b44684062
2018-06-23 14:53:16,909 [7] DEBUG PayPal.Api.HttpConnection [(null)] {"intent":"sale","payer":{"payment_method":"paypal"},"transactions":[{"amount":{"currency":"USD","total":"7","details":{"subtotal":"5","shipping":"1","tax":"1"}},"description":"Transaction description.","invoice_number":"your invoice number","item_list":{"items":[{"sku":"sku","name":"Item Name","quantity":"1","price":"5","currency":"USD"}]}}],"redirect_urls":{"return_url":"http://localhost:53632/Paypal/PaymentWithPayPal?guid=97781","cancel_url":"http://localhost:53632/Paypal/PaymentWithPayPal?guid=97781"}}
2018-06-23 14:53:17,873 [7] DEBUG PayPal.Api.HttpConnection [(null)] Service response: 
2018-06-23 14:53:17,873 [7] DEBUG PayPal.Api.HttpConnection [(null)] {"id":"PAY-72244928AC2631029LMW64QI","intent":"sale","state":"created","payer":{"payment_method":"paypal"},"transactions":[{"amount":{"total":"7.00","currency":"USD","details":{"subtotal":"5.00","tax":"1.00","shipping":"1.00"}},"description":"Transaction description.","invoice_number":"your invoice number","item_list":{"items":[{"name":"Item Name","sku":"sku","price":"5.00","currency":"USD","quantity":1}]},"related_resources":[]}],"create_time":"2018-06-23T06:52:48Z","links":[{"href":"https://api.sandbox.paypal.com/v1/payments/payment/PAY-72244928AC2631029LMW64QI","rel":"self","method":"GET"},{"href":"https://www.sandbox.paypal.com/cgi-bin/webscr?cmd=_express-checkout&token=EC-1J121557HA1345037","rel":"approval_url","method":"REDIRECT"},{"href":"https://api.sandbox.paypal.com/v1/payments/payment/PAY-72244928AC2631029LMW64QI/execute","rel":"execute","method":"POST"}]}
2018-06-23 14:53:58,079 [8] DEBUG PayPal.Api.PayPalResource [(null)] Content-Type:application/x-www-form-urlencoded
2018-06-23 14:53:58,101 [8] DEBUG PayPal.Api.PayPalResource [(null)] User-Agent:PayPalSDK/PayPal-NET-SDK 1.9.1 (lang=DOTNET;v=4.5.1;clr=4.0.30319.42000;bit=64;os=Microsoft Windows NT 6.1.7601 Service Pack 1)
2018-06-23 14:53:58,101 [8] DEBUG PayPal.Api.PayPalResource [(null)] Authorization:Basic QWI0VlFjQmFVdEw2c2o5N1pZQTl6ME9kQURsT24xb3R2aGdtR1dORTAtOHl0WFlHNWRyQmNTZlRxdWdTT282cTFKUEtzVEVidllacU1Vb1g6RU5zUy1xT2NINmFnWUFic3J6cEtiMVNUQzdib2VDYjdqMDBOMGZxbmJ2bXB6R2NBd2F6VHBaeHgyUVcxTDdKTFRqMHYtRGlRX0V5UHdyTTE=
2018-06-23 14:53:58,102 [8] DEBUG PayPal.Api.PayPalResource [(null)] PayPal-Request-Id:17f00cb6-f1c6-40f3-a3f1-db01c81773c6
2018-06-23 14:53:58,336 [8] DEBUG PayPal.Api.HttpConnection [(null)] grant_type=client_credentials
2018-06-23 14:53:59,337 [8] DEBUG PayPal.Api.HttpConnection [(null)] Service response: 
2018-06-23 14:53:59,338 [8] DEBUG PayPal.Api.HttpConnection [(null)] {"scope":"https://api.paypal.com/v1/payments/.* https://uri.paypal.com/services/payments/refund https://uri.paypal.com/services/applications/webhooks https://uri.paypal.com/services/payments/payment/authcapture https://uri.paypal.com/payments/payouts https://api.paypal.com/v1/vault/credit-card/.* https://uri.paypal.com/services/disputes/read-seller https://uri.paypal.com/services/subscriptions https://uri.paypal.com/services/disputes/read-buyer https://api.paypal.com/v1/vault/credit-card openid https://uri.paypal.com/services/disputes/update-seller https://uri.paypal.com/services/payments/realtimepayment","nonce":"2018-06-23T06:36:26ZyC64ZOfRCg1PFa7kvIvPp1fUlrgqBMj7oH1InmFdwXU","access_token":"A21AAF1b1Gru2JRJUI_R42IwW3rovglYn8AVd9UBKdiRK3E24XyTv23wMe-0mn4-kqmjHZuDNx111Kuk50lEnks06f4ZUS4Cg","token_type":"Bearer","app_id":"APP-80W284485P519543T","expires_in":31376}
2018-06-23 14:53:59,645 [8] DEBUG PayPal.Api.PayPalResource [(null)] Content-Type:application/json
2018-06-23 14:53:59,645 [8] DEBUG PayPal.Api.PayPalResource [(null)] User-Agent:PayPalSDK/PayPal-NET-SDK 1.9.1 (lang=DOTNET;v=4.5.1;clr=4.0.30319.42000;bit=64;os=Microsoft Windows NT 6.1.7601 Service Pack 1)
2018-06-23 14:53:59,645 [8] DEBUG PayPal.Api.PayPalResource [(null)] Authorization:Bearer A21AAF1b1Gru2JRJUI_R42IwW3rovglYn8AVd9UBKdiRK3E24XyTv23wMe-0mn4-kqmjHZuDNx111Kuk50lEnks06f4ZUS4Cg
2018-06-23 14:53:59,646 [8] DEBUG PayPal.Api.PayPalResource [(null)] PayPal-Request-Id:9abc9ee7-957c-4514-b804-9abcf2b95ecf
2018-06-23 14:53:59,823 [8] DEBUG PayPal.Api.HttpConnection [(null)] {"intent":"sale","payer":{"payment_method":"paypal"},"transactions":[{"amount":{"currency":"USD","total":"7","details":{"subtotal":"5","shipping":"1","tax":"1"}},"description":"Transaction description.","invoice_number":"your invoice number","item_list":{"items":[{"sku":"sku","name":"Item Name","quantity":"1","price":"5","currency":"USD"}]}}],"redirect_urls":{"return_url":"http://localhost:53632/Paypal/PaymentWithPayPal?guid=51715","cancel_url":"http://localhost:53632/Paypal/PaymentWithPayPal?guid=51715"}}
2018-06-23 14:54:00,859 [8] DEBUG PayPal.Api.HttpConnection [(null)] Service response: 
2018-06-23 14:54:00,859 [8] DEBUG PayPal.Api.HttpConnection [(null)] {"id":"PAY-2TL69103TD037653ULMW643A","intent":"sale","state":"created","payer":{"payment_method":"paypal"},"transactions":[{"amount":{"total":"7.00","currency":"USD","details":{"subtotal":"5.00","tax":"1.00","shipping":"1.00"}},"description":"Transaction description.","invoice_number":"your invoice number","item_list":{"items":[{"name":"Item Name","sku":"sku","price":"5.00","currency":"USD","quantity":1}]},"related_resources":[]}],"create_time":"2018-06-23T06:53:31Z","links":[{"href":"https://api.sandbox.paypal.com/v1/payments/payment/PAY-2TL69103TD037653ULMW643A","rel":"self","method":"GET"},{"href":"https://www.sandbox.paypal.com/cgi-bin/webscr?cmd=_express-checkout&token=EC-8HB30230VP462354B","rel":"approval_url","method":"REDIRECT"},{"href":"https://api.sandbox.paypal.com/v1/payments/payment/PAY-2TL69103TD037653ULMW643A/execute","rel":"execute","method":"POST"}]}
2018-06-23 15:19:16,509 [8] DEBUG PayPal.Api.PayPalResource [(null)] Content-Type:application/x-www-form-urlencoded
2018-06-23 15:19:16,533 [8] DEBUG PayPal.Api.PayPalResource [(null)] User-Agent:PayPalSDK/PayPal-NET-SDK 1.9.1 (lang=DOTNET;v=4.5.1;clr=4.0.30319.42000;bit=64;os=Microsoft Windows NT 6.1.7601 Service Pack 1)
2018-06-23 15:19:16,533 [8] DEBUG PayPal.Api.PayPalResource [(null)] Authorization:Basic QWI0VlFjQmFVdEw2c2o5N1pZQTl6ME9kQURsT24xb3R2aGdtR1dORTAtOHl0WFlHNWRyQmNTZlRxdWdTT282cTFKUEtzVEVidllacU1Vb1g6RU5zUy1xT2NINmFnWUFic3J6cEtiMVNUQzdib2VDYjdqMDBOMGZxbmJ2bXB6R2NBd2F6VHBaeHgyUVcxTDdKTFRqMHYtRGlRX0V5UHdyTTE=
2018-06-23 15:19:16,533 [8] DEBUG PayPal.Api.PayPalResource [(null)] PayPal-Request-Id:d2742145-6011-4a02-838a-4740ecfb37f5
2018-06-23 15:19:16,833 [8] DEBUG PayPal.Api.HttpConnection [(null)] grant_type=client_credentials
2018-06-23 15:19:17,850 [8] DEBUG PayPal.Api.HttpConnection [(null)] Service response: 
2018-06-23 15:19:17,851 [8] DEBUG PayPal.Api.HttpConnection [(null)] {"scope":"https://api.paypal.com/v1/payments/.* https://uri.paypal.com/services/payments/refund https://uri.paypal.com/services/applications/webhooks https://uri.paypal.com/services/payments/payment/authcapture https://uri.paypal.com/payments/payouts https://api.paypal.com/v1/vault/credit-card/.* https://uri.paypal.com/services/disputes/read-seller https://uri.paypal.com/services/subscriptions https://uri.paypal.com/services/disputes/read-buyer https://api.paypal.com/v1/vault/credit-card openid https://uri.paypal.com/services/disputes/update-seller https://uri.paypal.com/services/payments/realtimepayment","nonce":"2018-06-23T07:18:49ZcP5D0vM3UQ823_9CabSgZqW2vsUwU0-H7uuK1gQW_AI","access_token":"A21AAH6XayVuJ6FC49YfySyuJBOLp6TzC78RjQe-176yMShYJTB9602QhWB41hwNFLjOIF34McuxjEgyUPAupIhLRqkuDB1uQ","token_type":"Bearer","app_id":"APP-80W284485P519543T","expires_in":32400}
2018-06-23 15:19:18,157 [8] DEBUG PayPal.Api.PayPalResource [(null)] Content-Type:application/json
2018-06-23 15:19:18,158 [8] DEBUG PayPal.Api.PayPalResource [(null)] User-Agent:PayPalSDK/PayPal-NET-SDK 1.9.1 (lang=DOTNET;v=4.5.1;clr=4.0.30319.42000;bit=64;os=Microsoft Windows NT 6.1.7601 Service Pack 1)
2018-06-23 15:19:18,158 [8] DEBUG PayPal.Api.PayPalResource [(null)] Authorization:Bearer A21AAH6XayVuJ6FC49YfySyuJBOLp6TzC78RjQe-176yMShYJTB9602QhWB41hwNFLjOIF34McuxjEgyUPAupIhLRqkuDB1uQ
2018-06-23 15:19:18,158 [8] DEBUG PayPal.Api.PayPalResource [(null)] PayPal-Request-Id:abb8e6dc-68fd-4b33-ba3e-1b00f7bf42a3
2018-06-23 15:19:18,333 [8] DEBUG PayPal.Api.HttpConnection [(null)] {"intent":"sale","payer":{"payment_method":"paypal"},"transactions":[{"amount":{"currency":"USD","total":"7","details":{"subtotal":"5","shipping":"1","tax":"1"}},"description":"Transaction description.","invoice_number":"your invoice number","item_list":{"items":[{"sku":"sku","name":"Item Name","quantity":"1","price":"5","currency":"USD"}]}}],"redirect_urls":{"return_url":"http://localhost:53632/Paypal/PaymentWithPayPal?guid=35675","cancel_url":"http://localhost:53632/Paypal/PaymentWithPayPal?guid=35675"}}
2018-06-23 15:19:20,260 [8] DEBUG PayPal.Api.HttpConnection [(null)] Service response: 
2018-06-23 15:19:20,261 [8] DEBUG PayPal.Api.HttpConnection [(null)] {"id":"PAY-9XP86603XV8820511LMW7IWQ","intent":"sale","state":"created","payer":{"payment_method":"paypal"},"transactions":[{"amount":{"total":"7.00","currency":"USD","details":{"subtotal":"5.00","tax":"1.00","shipping":"1.00"}},"description":"Transaction description.","invoice_number":"your invoice number","item_list":{"items":[{"name":"Item Name","sku":"sku","price":"5.00","currency":"USD","quantity":1}]},"related_resources":[]}],"create_time":"2018-06-23T07:18:50Z","links":[{"href":"https://api.sandbox.paypal.com/v1/payments/payment/PAY-9XP86603XV8820511LMW7IWQ","rel":"self","method":"GET"},{"href":"https://www.sandbox.paypal.com/cgi-bin/webscr?cmd=_express-checkout&token=EC-43F88485N3446763G","rel":"approval_url","method":"REDIRECT"},{"href":"https://api.sandbox.paypal.com/v1/payments/payment/PAY-9XP86603XV8820511LMW7IWQ/execute","rel":"execute","method":"POST"}]}
2018-06-23 15:26:50,288 [17] DEBUG PayPal.Api.PayPalResource [(null)] Content-Type:application/x-www-form-urlencoded
2018-06-23 15:26:50,311 [17] DEBUG PayPal.Api.PayPalResource [(null)] User-Agent:PayPalSDK/PayPal-NET-SDK 1.9.1 (lang=DOTNET;v=4.5.1;clr=4.0.30319.42000;bit=64;os=Microsoft Windows NT 6.1.7601 Service Pack 1)
2018-06-23 15:26:50,311 [17] DEBUG PayPal.Api.PayPalResource [(null)] Authorization:Basic QWI0VlFjQmFVdEw2c2o5N1pZQTl6ME9kQURsT24xb3R2aGdtR1dORTAtOHl0WFlHNWRyQmNTZlRxdWdTT282cTFKUEtzVEVidllacU1Vb1g6RU5zUy1xT2NINmFnWUFic3J6cEtiMVNUQzdib2VDYjdqMDBOMGZxbmJ2bXB6R2NBd2F6VHBaeHgyUVcxTDdKTFRqMHYtRGlRX0V5UHdyTTE=
2018-06-23 15:26:50,311 [17] DEBUG PayPal.Api.PayPalResource [(null)] PayPal-Request-Id:70822b2d-da75-4525-bc19-2ee3d815e538
2018-06-23 15:26:50,719 [17] DEBUG PayPal.Api.HttpConnection [(null)] grant_type=client_credentials
2018-06-23 15:26:51,759 [17] DEBUG PayPal.Api.HttpConnection [(null)] Service response: 
2018-06-23 15:26:51,760 [17] DEBUG PayPal.Api.HttpConnection [(null)] {"scope":"https://api.paypal.com/v1/payments/.* https://uri.paypal.com/services/payments/refund https://uri.paypal.com/services/applications/webhooks https://uri.paypal.com/services/payments/payment/authcapture https://uri.paypal.com/payments/payouts https://api.paypal.com/v1/vault/credit-card/.* https://uri.paypal.com/services/disputes/read-seller https://uri.paypal.com/services/subscriptions https://uri.paypal.com/services/disputes/read-buyer https://api.paypal.com/v1/vault/credit-card openid https://uri.paypal.com/services/disputes/update-seller https://uri.paypal.com/services/payments/realtimepayment","nonce":"2018-06-23T07:18:49ZcP5D0vM3UQ823_9CabSgZqW2vsUwU0-H7uuK1gQW_AI","access_token":"A21AAH6XayVuJ6FC49YfySyuJBOLp6TzC78RjQe-176yMShYJTB9602QhWB41hwNFLjOIF34McuxjEgyUPAupIhLRqkuDB1uQ","token_type":"Bearer","app_id":"APP-80W284485P519543T","expires_in":31946}
2018-06-23 15:26:52,034 [17] DEBUG PayPal.Api.PayPalResource [(null)] Content-Type:application/json
2018-06-23 15:26:52,034 [17] DEBUG PayPal.Api.PayPalResource [(null)] User-Agent:PayPalSDK/PayPal-NET-SDK 1.9.1 (lang=DOTNET;v=4.5.1;clr=4.0.30319.42000;bit=64;os=Microsoft Windows NT 6.1.7601 Service Pack 1)
2018-06-23 15:26:52,035 [17] DEBUG PayPal.Api.PayPalResource [(null)] Authorization:Bearer A21AAH6XayVuJ6FC49YfySyuJBOLp6TzC78RjQe-176yMShYJTB9602QhWB41hwNFLjOIF34McuxjEgyUPAupIhLRqkuDB1uQ
2018-06-23 15:26:52,035 [17] DEBUG PayPal.Api.PayPalResource [(null)] PayPal-Request-Id:db8a30b5-e3c8-4563-adf9-816d22c7b54a
2018-06-23 15:26:52,212 [17] DEBUG PayPal.Api.HttpConnection [(null)] {"intent":"sale","payer":{"payment_method":"paypal"},"transactions":[{"amount":{"currency":"USD","total":"7","details":{"subtotal":"5","shipping":"1","tax":"1"}},"description":"Transaction description.","invoice_number":"your invoice number","item_list":{"items":[{"sku":"sku","name":"Item Name","quantity":"1","price":"5","currency":"USD"}]}}],"redirect_urls":{"return_url":"http://localhost:53632/Paypal/PaymentWithPayPal?guid=34141","cancel_url":"http://localhost:53632/Paypal/PaymentWithPayPal?guid=34141"}}
2018-06-23 15:26:53,119 [17] DEBUG PayPal.Api.HttpConnection [(null)] Service response: 
2018-06-23 15:26:53,120 [17] DEBUG PayPal.Api.HttpConnection [(null)] {"id":"PAY-19760011Y7671060TLMW7MIA","intent":"sale","state":"created","payer":{"payment_method":"paypal"},"transactions":[{"amount":{"total":"7.00","currency":"USD","details":{"subtotal":"5.00","tax":"1.00","shipping":"1.00"}},"description":"Transaction description.","invoice_number":"your invoice number","item_list":{"items":[{"name":"Item Name","sku":"sku","price":"5.00","currency":"USD","quantity":1}]},"related_resources":[]}],"create_time":"2018-06-23T07:26:24Z","links":[{"href":"https://api.sandbox.paypal.com/v1/payments/payment/PAY-19760011Y7671060TLMW7MIA","rel":"self","method":"GET"},{"href":"https://www.sandbox.paypal.com/cgi-bin/webscr?cmd=_express-checkout&token=EC-1J2699956F4684336","rel":"approval_url","method":"REDIRECT"},{"href":"https://api.sandbox.paypal.com/v1/payments/payment/PAY-19760011Y7671060TLMW7MIA/execute","rel":"execute","method":"POST"}]}
2018-06-23 15:39:01,211 [18] DEBUG PayPal.Api.PayPalResource [(null)] Content-Type:application/x-www-form-urlencoded
2018-06-23 15:39:01,235 [18] DEBUG PayPal.Api.PayPalResource [(null)] User-Agent:PayPalSDK/PayPal-NET-SDK 1.9.1 (lang=DOTNET;v=4.5.1;clr=4.0.30319.42000;bit=64;os=Microsoft Windows NT 6.1.7601 Service Pack 1)
2018-06-23 15:39:01,236 [18] DEBUG PayPal.Api.PayPalResource [(null)] Authorization:Basic QWQ0bXhSRDRRZFhSNjlMWUNwRnQxOTRJQ0NwVWdGaWt6NENiRHdtemFyaEh4TzVwTnM2bW5lMXQ3SjRRd2hDNFpTcy1QWTlVU25wVkkxbFQ6RURiUUF6RjE1U191N2hvdFA1ejNiMTVaeV9KOV8tbzJxVld0OER1UEFpOHhyYzZUaFpST2lhWmRCWldGZ0d2bjJWV2QwVmF1M3pnSWp6TjI=
2018-06-23 15:39:01,236 [18] DEBUG PayPal.Api.PayPalResource [(null)] PayPal-Request-Id:edad3273-7ab7-4378-8cea-ef627106ad61
2018-06-23 15:39:01,508 [18] DEBUG PayPal.Api.HttpConnection [(null)] grant_type=client_credentials
2018-06-23 15:39:04,499 [18] DEBUG PayPal.Api.HttpConnection [(null)] Service response: 
2018-06-23 15:39:04,499 [18] DEBUG PayPal.Api.HttpConnection [(null)] {"scope":"https://api.paypal.com/v1/payments/.* https://uri.paypal.com/services/payments/refund https://uri.paypal.com/services/applications/webhooks https://uri.paypal.com/services/payments/payment/authcapture https://uri.paypal.com/payments/payouts https://api.paypal.com/v1/vault/credit-card/.* https://uri.paypal.com/services/disputes/read-seller https://uri.paypal.com/services/subscriptions https://uri.paypal.com/services/disputes/read-buyer https://api.paypal.com/v1/vault/credit-card openid https://uri.paypal.com/services/disputes/update-seller https://uri.paypal.com/services/payments/realtimepayment","nonce":"2018-06-23T07:38:33ZgAj7TAlG9y0LFNEFICRPCtRVqahlHZDc2ZPfK2FCUzA","access_token":"A21AAHg3ykrks1nePj6JIdtfR6BWw7XTs8PADHozCGMZ2wDbD4Rmi6jbw6mu1y-SyH17kN-dvLW2qxfW5oD3oN-19RbeGekbQ","token_type":"Bearer","app_id":"APP-80W284485P519543T","expires_in":32398}
2018-06-23 15:39:04,771 [18] DEBUG PayPal.Api.PayPalResource [(null)] Content-Type:application/json
2018-06-23 15:39:04,772 [18] DEBUG PayPal.Api.PayPalResource [(null)] User-Agent:PayPalSDK/PayPal-NET-SDK 1.9.1 (lang=DOTNET;v=4.5.1;clr=4.0.30319.42000;bit=64;os=Microsoft Windows NT 6.1.7601 Service Pack 1)
2018-06-23 15:39:04,772 [18] DEBUG PayPal.Api.PayPalResource [(null)] Authorization:Bearer A21AAHg3ykrks1nePj6JIdtfR6BWw7XTs8PADHozCGMZ2wDbD4Rmi6jbw6mu1y-SyH17kN-dvLW2qxfW5oD3oN-19RbeGekbQ
2018-06-23 15:39:04,772 [18] DEBUG PayPal.Api.PayPalResource [(null)] PayPal-Request-Id:9a52b2b2-03db-4b22-bb02-f8582560c5f5
2018-06-23 15:39:04,963 [18] DEBUG PayPal.Api.HttpConnection [(null)] {"intent":"sale","payer":{"payment_method":"paypal"},"transactions":[{"amount":{"currency":"USD","total":"7","details":{"subtotal":"5","shipping":"1","tax":"1"}},"description":"Transaction description.","invoice_number":"your invoice number","item_list":{"items":[{"sku":"sku","name":"Item Name","quantity":"1","price":"5","currency":"USD"}]}}],"redirect_urls":{"return_url":"http://localhost:53632/Paypal/PaymentWithPayPal?guid=49038","cancel_url":"http://localhost:53632/Paypal/PaymentWithPayPal?guid=49038"}}
2018-06-23 15:39:06,001 [18] DEBUG PayPal.Api.HttpConnection [(null)] Service response: 
2018-06-23 15:39:06,001 [18] DEBUG PayPal.Api.HttpConnection [(null)] {"id":"PAY-9JX83557TV850112DLMW7R7I","intent":"sale","state":"created","payer":{"payment_method":"paypal"},"transactions":[{"amount":{"total":"7.00","currency":"USD","details":{"subtotal":"5.00","tax":"1.00","shipping":"1.00"}},"description":"Transaction description.","invoice_number":"your invoice number","item_list":{"items":[{"name":"Item Name","sku":"sku","price":"5.00","currency":"USD","quantity":1}]},"related_resources":[]}],"create_time":"2018-06-23T07:38:36Z","links":[{"href":"https://api.sandbox.paypal.com/v1/payments/payment/PAY-9JX83557TV850112DLMW7R7I","rel":"self","method":"GET"},{"href":"https://www.sandbox.paypal.com/cgi-bin/webscr?cmd=_express-checkout&token=EC-6Y316017RR295101W","rel":"approval_url","method":"REDIRECT"},{"href":"https://api.sandbox.paypal.com/v1/payments/payment/PAY-9JX83557TV850112DLMW7R7I/execute","rel":"execute","method":"POST"}]}
2018-06-23 15:45:16,274 [8] DEBUG PayPal.Api.PayPalResource [(null)] Content-Type:application/x-www-form-urlencoded
2018-06-23 15:45:16,297 [8] DEBUG PayPal.Api.PayPalResource [(null)] User-Agent:PayPalSDK/PayPal-NET-SDK 1.5.0 (lang=DOTNET;v=4.5.1;clr=4.0.30319.42000;bit=64;os=Microsoft Windows NT 6.1.7601 Service Pack 1)
2018-06-23 15:45:16,297 [8] DEBUG PayPal.Api.PayPalResource [(null)] Authorization:Basic QWQ0bXhSRDRRZFhSNjlMWUNwRnQxOTRJQ0NwVWdGaWt6NENiRHdtemFyaEh4TzVwTnM2bW5lMXQ3SjRRd2hDNFpTcy1QWTlVU25wVkkxbFQ6RURiUUF6RjE1U191N2hvdFA1ejNiMTVaeV9KOV8tbzJxVld0OER1UEFpOHhyYzZUaFpST2lhWmRCWldGZ0d2bjJWV2QwVmF1M3pnSWp6TjI=
2018-06-23 15:45:16,297 [8] DEBUG PayPal.Api.PayPalResource [(null)] PayPal-Request-Id:d3414a79-2897-4499-b487-5450e3e5a644
2018-06-23 15:45:16,547 [8] DEBUG PayPal.Api.HttpConnection [(null)] grant_type=client_credentials
2018-06-23 15:45:17,413 [8] DEBUG PayPal.Api.HttpConnection [(null)] Service response: 
2018-06-23 15:45:17,413 [8] DEBUG PayPal.Api.HttpConnection [(null)] {"scope":"https://api.paypal.com/v1/payments/.* https://uri.paypal.com/services/payments/refund https://uri.paypal.com/services/applications/webhooks https://uri.paypal.com/services/payments/payment/authcapture https://uri.paypal.com/payments/payouts https://api.paypal.com/v1/vault/credit-card/.* https://uri.paypal.com/services/disputes/read-seller https://uri.paypal.com/services/subscriptions https://uri.paypal.com/services/disputes/read-buyer https://api.paypal.com/v1/vault/credit-card openid https://uri.paypal.com/services/disputes/update-seller https://uri.paypal.com/services/payments/realtimepayment","nonce":"2018-06-23T07:38:33ZgAj7TAlG9y0LFNEFICRPCtRVqahlHZDc2ZPfK2FCUzA","access_token":"A21AAHg3ykrks1nePj6JIdtfR6BWw7XTs8PADHozCGMZ2wDbD4Rmi6jbw6mu1y-SyH17kN-dvLW2qxfW5oD3oN-19RbeGekbQ","token_type":"Bearer","app_id":"APP-80W284485P519543T","expires_in":32025}
2018-06-23 15:45:17,682 [8] DEBUG PayPal.Api.PayPalResource [(null)] Content-Type:application/json
2018-06-23 15:45:17,682 [8] DEBUG PayPal.Api.PayPalResource [(null)] User-Agent:PayPalSDK/PayPal-NET-SDK 1.5.0 (lang=DOTNET;v=4.5.1;clr=4.0.30319.42000;bit=64;os=Microsoft Windows NT 6.1.7601 Service Pack 1)
2018-06-23 15:45:17,683 [8] DEBUG PayPal.Api.PayPalResource [(null)] Authorization:Bearer A21AAHg3ykrks1nePj6JIdtfR6BWw7XTs8PADHozCGMZ2wDbD4Rmi6jbw6mu1y-SyH17kN-dvLW2qxfW5oD3oN-19RbeGekbQ
2018-06-23 15:45:17,683 [8] DEBUG PayPal.Api.PayPalResource [(null)] PayPal-Request-Id:dbe0cace-0044-4415-b407-0431d64a73fd
2018-06-23 15:45:17,861 [8] DEBUG PayPal.Api.HttpConnection [(null)] {"intent":"sale","payer":{"payment_method":"paypal"},"transactions":[{"amount":{"currency":"USD","total":"7","details":{"subtotal":"5","shipping":"1","tax":"1"}},"description":"Transaction description.","invoice_number":"your invoice number","item_list":{"items":[{"quantity":"1","name":"Item Name","price":"5","currency":"USD","sku":"sku"}]}}],"redirect_urls":{"return_url":"http://localhost:53632/Paypal/PaymentWithPayPal?guid=54702","cancel_url":"http://localhost:53632/Paypal/PaymentWithPayPal?guid=54702"}}
2018-06-23 15:45:21,782 [8] DEBUG PayPal.Api.HttpConnection [(null)] Service response: 
2018-06-23 15:45:21,783 [8] DEBUG PayPal.Api.HttpConnection [(null)] {"id":"PAY-00K61046F8984721RLMW7U5I","intent":"sale","state":"created","payer":{"payment_method":"paypal"},"transactions":[{"amount":{"total":"7.00","currency":"USD","details":{"subtotal":"5.00","tax":"1.00","shipping":"1.00"}},"description":"Transaction description.","invoice_number":"your invoice number","item_list":{"items":[{"name":"Item Name","sku":"sku","price":"5.00","currency":"USD","quantity":1}]},"related_resources":[]}],"create_time":"2018-06-23T07:44:52Z","links":[{"href":"https://api.sandbox.paypal.com/v1/payments/payment/PAY-00K61046F8984721RLMW7U5I","rel":"self","method":"GET"},{"href":"https://www.sandbox.paypal.com/cgi-bin/webscr?cmd=_express-checkout&token=EC-67942438TK307030B","rel":"approval_url","method":"REDIRECT"},{"href":"https://api.sandbox.paypal.com/v1/payments/payment/PAY-00K61046F8984721RLMW7U5I/execute","rel":"execute","method":"POST"}]}
2018-06-23 15:52:26,204 [18] DEBUG PayPal.Api.PayPalResource [(null)] Content-Type:application/x-www-form-urlencoded
2018-06-23 15:52:26,228 [18] DEBUG PayPal.Api.PayPalResource [(null)] User-Agent:PayPalSDK/PayPal-NET-SDK 1.5.0 (lang=DOTNET;v=4.5.1;clr=4.0.30319.42000;bit=64;os=Microsoft Windows NT 6.1.7601 Service Pack 1)
2018-06-23 15:52:26,228 [18] DEBUG PayPal.Api.PayPalResource [(null)] Authorization:Basic QWQ0bXhSRDRRZFhSNjlMWUNwRnQxOTRJQ0NwVWdGaWt6NENiRHdtemFyaEh4TzVwTnM2bW5lMXQ3SjRRd2hDNFpTcy1QWTlVU25wVkkxbFQ6RURiUUF6RjE1U191N2hvdFA1ejNiMTVaeV9KOV8tbzJxVld0OER1UEFpOHhyYzZUaFpST2lhWmRCWldGZ0d2bjJWV2QwVmF1M3pnSWp6TjI=
2018-06-23 15:52:26,228 [18] DEBUG PayPal.Api.PayPalResource [(null)] PayPal-Request-Id:782445a6-6b74-4c86-9bef-3968a34133d3
2018-06-23 15:52:26,502 [18] DEBUG PayPal.Api.HttpConnection [(null)] grant_type=client_credentials
2018-06-23 15:52:27,404 [18] DEBUG PayPal.Api.HttpConnection [(null)] Service response: 
2018-06-23 15:52:27,405 [18] DEBUG PayPal.Api.HttpConnection [(null)] {"scope":"https://api.paypal.com/v1/payments/.* https://uri.paypal.com/services/payments/refund https://uri.paypal.com/services/applications/webhooks https://uri.paypal.com/services/payments/payment/authcapture https://uri.paypal.com/payments/payouts https://api.paypal.com/v1/vault/credit-card/.* https://uri.paypal.com/services/disputes/read-seller https://uri.paypal.com/services/subscriptions https://uri.paypal.com/services/disputes/read-buyer https://api.paypal.com/v1/vault/credit-card openid https://uri.paypal.com/services/disputes/update-seller https://uri.paypal.com/services/payments/realtimepayment","nonce":"2018-06-23T07:38:33ZgAj7TAlG9y0LFNEFICRPCtRVqahlHZDc2ZPfK2FCUzA","access_token":"A21AAHg3ykrks1nePj6JIdtfR6BWw7XTs8PADHozCGMZ2wDbD4Rmi6jbw6mu1y-SyH17kN-dvLW2qxfW5oD3oN-19RbeGekbQ","token_type":"Bearer","app_id":"APP-80W284485P519543T","expires_in":31595}
2018-06-23 15:52:27,728 [18] DEBUG PayPal.Api.PayPalResource [(null)] Content-Type:application/json
2018-06-23 15:52:27,728 [18] DEBUG PayPal.Api.PayPalResource [(null)] User-Agent:PayPalSDK/PayPal-NET-SDK 1.5.0 (lang=DOTNET;v=4.5.1;clr=4.0.30319.42000;bit=64;os=Microsoft Windows NT 6.1.7601 Service Pack 1)
2018-06-23 15:52:27,729 [18] DEBUG PayPal.Api.PayPalResource [(null)] Authorization:Bearer A21AAHg3ykrks1nePj6JIdtfR6BWw7XTs8PADHozCGMZ2wDbD4Rmi6jbw6mu1y-SyH17kN-dvLW2qxfW5oD3oN-19RbeGekbQ
2018-06-23 15:52:27,729 [18] DEBUG PayPal.Api.PayPalResource [(null)] PayPal-Request-Id:550dc8ef-f3a5-4c27-85ab-53e0f56c8e15
2018-06-23 15:52:27,931 [18] DEBUG PayPal.Api.HttpConnection [(null)] {"intent":"sale","payer":{"payment_method":"credit_card","funding_instruments":[{"credit_card":{"number":"1234567890123456","type":"discover","expire_month":1,"expire_year":2020,"cvv2":"874","first_name":"Aman","last_name":"Thakur","billing_address":{"line1":"23rd street kew gardens","city":"NewYork","country_code":"US","postal_code":"43210","state":"NY"}}}]},"transactions":[{"amount":{"currency":"USD","total":"7","details":{"subtotal":"5","shipping":"1","tax":"1"}},"description":"Description about the payment amount.","invoice_number":"your invoice number which you are generating","item_list":{"items":[{"quantity":"1","name":"Demo Item","price":"5","currency":"USD","sku":"sku"}]}}]}
2018-06-23 15:52:28,696 [18] ERROR PayPal.Api.HttpConnection [(null)] Error response:
2018-06-23 15:52:28,697 [18] ERROR PayPal.Api.HttpConnection [(null)] {"name":"VALIDATION_ERROR","details":[{"field":"payer.funding_instruments[0].credit_card.number","issue":"Value is invalid."}],"message":"Invalid request. See details.","information_link":"https://developer.paypal.com/docs/api/payments/#errors","debug_id":"2c0ea827d9909"}
2018-06-23 15:52:28,697 [18] ERROR PayPal.Api.HttpConnection [(null)] 远程服务器返回错误: (400) 错误的请求。
2018-06-23 15:52:28,739 [18] ERROR PayPal.PayPalException [(null)] Payments Exception: 
   Error:    VALIDATION_ERROR
   Message:  Invalid request. See details.
   URI:      https://developer.paypal.com/docs/api/payments/#errors
   Debug ID: 2c0ea827d9909
   Details:  payer.funding_instruments[0].credit_card.number -> Value is invalid.

2018-06-23 15:55:59,883 [8] DEBUG PayPal.Api.PayPalResource [(null)] Content-Type:application/x-www-form-urlencoded
2018-06-23 15:55:59,908 [8] DEBUG PayPal.Api.PayPalResource [(null)] User-Agent:PayPalSDK/PayPal-NET-SDK 1.5.0 (lang=DOTNET;v=4.5.1;clr=4.0.30319.42000;bit=64;os=Microsoft Windows NT 6.1.7601 Service Pack 1)
2018-06-23 15:55:59,908 [8] DEBUG PayPal.Api.PayPalResource [(null)] Authorization:Basic QWQ0bXhSRDRRZFhSNjlMWUNwRnQxOTRJQ0NwVWdGaWt6NENiRHdtemFyaEh4TzVwTnM2bW5lMXQ3SjRRd2hDNFpTcy1QWTlVU25wVkkxbFQ6RURiUUF6RjE1U191N2hvdFA1ejNiMTVaeV9KOV8tbzJxVld0OER1UEFpOHhyYzZUaFpST2lhWmRCWldGZ0d2bjJWV2QwVmF1M3pnSWp6TjI=
2018-06-23 15:55:59,908 [8] DEBUG PayPal.Api.PayPalResource [(null)] PayPal-Request-Id:3bbb276c-8cca-47a7-8344-d89e36831a2e
2018-06-23 15:56:02,537 [8] DEBUG PayPal.Api.HttpConnection [(null)] grant_type=client_credentials
2018-06-23 15:56:03,487 [8] DEBUG PayPal.Api.HttpConnection [(null)] Service response: 
2018-06-23 15:56:03,488 [8] DEBUG PayPal.Api.HttpConnection [(null)] {"scope":"https://api.paypal.com/v1/payments/.* https://uri.paypal.com/services/payments/refund https://uri.paypal.com/services/applications/webhooks https://uri.paypal.com/services/payments/payment/authcapture https://uri.paypal.com/payments/payouts https://api.paypal.com/v1/vault/credit-card/.* https://uri.paypal.com/services/disputes/read-seller https://uri.paypal.com/services/subscriptions https://uri.paypal.com/services/disputes/read-buyer https://api.paypal.com/v1/vault/credit-card openid https://uri.paypal.com/services/disputes/update-seller https://uri.paypal.com/services/payments/realtimepayment","nonce":"2018-06-23T07:38:33ZgAj7TAlG9y0LFNEFICRPCtRVqahlHZDc2ZPfK2FCUzA","access_token":"A21AAHg3ykrks1nePj6JIdtfR6BWw7XTs8PADHozCGMZ2wDbD4Rmi6jbw6mu1y-SyH17kN-dvLW2qxfW5oD3oN-19RbeGekbQ","token_type":"Bearer","app_id":"APP-80W284485P519543T","expires_in":31379}
2018-06-23 15:56:03,758 [8] DEBUG PayPal.Api.PayPalResource [(null)] Content-Type:application/json
2018-06-23 15:56:03,758 [8] DEBUG PayPal.Api.PayPalResource [(null)] User-Agent:PayPalSDK/PayPal-NET-SDK 1.5.0 (lang=DOTNET;v=4.5.1;clr=4.0.30319.42000;bit=64;os=Microsoft Windows NT 6.1.7601 Service Pack 1)
2018-06-23 15:56:03,759 [8] DEBUG PayPal.Api.PayPalResource [(null)] Authorization:Bearer A21AAHg3ykrks1nePj6JIdtfR6BWw7XTs8PADHozCGMZ2wDbD4Rmi6jbw6mu1y-SyH17kN-dvLW2qxfW5oD3oN-19RbeGekbQ
2018-06-23 15:56:03,759 [8] DEBUG PayPal.Api.PayPalResource [(null)] PayPal-Request-Id:f0add97f-4511-49c9-b413-a4db2c902733
2018-06-23 15:56:03,942 [8] DEBUG PayPal.Api.HttpConnection [(null)] {"intent":"sale","payer":{"payment_method":"paypal"},"transactions":[{"amount":{"currency":"USD","total":"7","details":{"subtotal":"5","shipping":"1","tax":"1"}},"description":"Transaction description.","invoice_number":"your invoice number","item_list":{"items":[{"quantity":"1","name":"Item Name","price":"5","currency":"USD","sku":"sku"}]}}],"redirect_urls":{"return_url":"http://localhost:53632/Paypal/PaymentWithPayPal?guid=4916","cancel_url":"http://localhost:53632/Paypal/PaymentWithPayPal?guid=4916"}}
2018-06-23 15:56:04,933 [8] DEBUG PayPal.Api.HttpConnection [(null)] Service response: 
2018-06-23 15:56:04,933 [8] DEBUG PayPal.Api.HttpConnection [(null)] {"id":"PAY-43T74865CV248894VLMW7Z6A","intent":"sale","state":"created","payer":{"payment_method":"paypal"},"transactions":[{"amount":{"total":"7.00","currency":"USD","details":{"subtotal":"5.00","tax":"1.00","shipping":"1.00"}},"description":"Transaction description.","invoice_number":"your invoice number","item_list":{"items":[{"name":"Item Name","sku":"sku","price":"5.00","currency":"USD","quantity":1}]},"related_resources":[]}],"create_time":"2018-06-23T07:55:35Z","links":[{"href":"https://api.sandbox.paypal.com/v1/payments/payment/PAY-43T74865CV248894VLMW7Z6A","rel":"self","method":"GET"},{"href":"https://www.sandbox.paypal.com/cgi-bin/webscr?cmd=_express-checkout&token=EC-4YG690991J9299127","rel":"approval_url","method":"REDIRECT"},{"href":"https://api.sandbox.paypal.com/v1/payments/payment/PAY-43T74865CV248894VLMW7Z6A/execute","rel":"execute","method":"POST"}]}
2018-06-23 16:01:43,455 [17] DEBUG PayPal.Api.PayPalResource [(null)] Content-Type:application/x-www-form-urlencoded
2018-06-23 16:01:43,479 [17] DEBUG PayPal.Api.PayPalResource [(null)] User-Agent:PayPalSDK/PayPal-NET-SDK 1.5.0 (lang=DOTNET;v=4.5.1;clr=4.0.30319.42000;bit=64;os=Microsoft Windows NT 6.1.7601 Service Pack 1)
2018-06-23 16:01:43,479 [17] DEBUG PayPal.Api.PayPalResource [(null)] Authorization:Basic QWQ0bXhSRDRRZFhSNjlMWUNwRnQxOTRJQ0NwVWdGaWt6NENiRHdtemFyaEh4TzVwTnM2bW5lMXQ3SjRRd2hDNFpTcy1QWTlVU25wVkkxbFQ6RURiUUF6RjE1U191N2hvdFA1ejNiMTVaeV9KOV8tbzJxVld0OER1UEFpOHhyYzZUaFpST2lhWmRCWldGZ0d2bjJWV2QwVmF1M3pnSWp6TjI=
2018-06-23 16:01:43,480 [17] DEBUG PayPal.Api.PayPalResource [(null)] PayPal-Request-Id:1744769a-a76b-4ee4-851f-c49b75bc4b2d
2018-06-23 16:01:43,755 [17] DEBUG PayPal.Api.HttpConnection [(null)] grant_type=client_credentials
2018-06-23 16:01:44,869 [17] DEBUG PayPal.Api.HttpConnection [(null)] Service response: 
2018-06-23 16:01:44,869 [17] DEBUG PayPal.Api.HttpConnection [(null)] {"scope":"https://api.paypal.com/v1/payments/.* https://uri.paypal.com/services/payments/refund https://uri.paypal.com/services/applications/webhooks https://uri.paypal.com/services/payments/payment/authcapture https://uri.paypal.com/payments/payouts https://api.paypal.com/v1/vault/credit-card/.* https://uri.paypal.com/services/disputes/read-seller https://uri.paypal.com/services/subscriptions https://uri.paypal.com/services/disputes/read-buyer https://api.paypal.com/v1/vault/credit-card openid https://uri.paypal.com/services/disputes/update-seller https://uri.paypal.com/services/payments/realtimepayment","nonce":"2018-06-23T08:01:16ZyTIGTsqp6C9MsmHHzLtaCWxmSCJGGaGmW8nxinzGfIs","access_token":"A21AAFV-GCmlGOI1II4rZVcxNlmmq2V1f7PMrpPIoJtfR6nGKGFPP8rF_iBPgkKb4SYkx5IpPjoZ1ZIbMIIeYnxDqcHkxKMrA","token_type":"Bearer","app_id":"APP-80W284485P519543T","expires_in":32400}
2018-06-23 16:01:45,148 [17] DEBUG PayPal.Api.PayPalResource [(null)] Content-Type:application/json
2018-06-23 16:01:45,149 [17] DEBUG PayPal.Api.PayPalResource [(null)] User-Agent:PayPalSDK/PayPal-NET-SDK 1.5.0 (lang=DOTNET;v=4.5.1;clr=4.0.30319.42000;bit=64;os=Microsoft Windows NT 6.1.7601 Service Pack 1)
2018-06-23 16:01:45,149 [17] DEBUG PayPal.Api.PayPalResource [(null)] Authorization:Bearer A21AAFV-GCmlGOI1II4rZVcxNlmmq2V1f7PMrpPIoJtfR6nGKGFPP8rF_iBPgkKb4SYkx5IpPjoZ1ZIbMIIeYnxDqcHkxKMrA
2018-06-23 16:01:45,149 [17] DEBUG PayPal.Api.PayPalResource [(null)] PayPal-Request-Id:56d2df1d-cdda-402e-9377-1b86483ee783
2018-06-23 16:01:45,326 [17] DEBUG PayPal.Api.HttpConnection [(null)] {"intent":"sale","payer":{"payment_method":"paypal"},"transactions":[{"amount":{"currency":"USD","total":"7","details":{"subtotal":"5","shipping":"1","tax":"1"}},"description":"Transaction description.","invoice_number":"your invoice number","item_list":{"items":[{"quantity":"1","name":"Item Name","price":"5","currency":"USD","sku":"sku"}]}}],"redirect_urls":{"return_url":"http://localhost:53632/Paypal/PaymentWithPayPal?guid=82717","cancel_url":"http://localhost:53632/Paypal/PaymentWithPayPal?guid=82717"}}
2018-06-23 16:01:47,412 [17] DEBUG PayPal.Api.HttpConnection [(null)] Service response: 
2018-06-23 16:01:47,412 [17] DEBUG PayPal.Api.HttpConnection [(null)] {"id":"PAY-7P9515517M597303KLMW74TI","intent":"sale","state":"created","payer":{"payment_method":"paypal"},"transactions":[{"amount":{"total":"7.00","currency":"USD","details":{"subtotal":"5.00","tax":"1.00","shipping":"1.00"}},"description":"Transaction description.","invoice_number":"your invoice number","item_list":{"items":[{"name":"Item Name","sku":"sku","price":"5.00","currency":"USD","quantity":1}]},"related_resources":[]}],"create_time":"2018-06-23T08:01:17Z","links":[{"href":"https://api.sandbox.paypal.com/v1/payments/payment/PAY-7P9515517M597303KLMW74TI","rel":"self","method":"GET"},{"href":"https://www.sandbox.paypal.com/cgi-bin/webscr?cmd=_express-checkout&token=EC-5A937782CP835400V","rel":"approval_url","method":"REDIRECT"},{"href":"https://api.sandbox.paypal.com/v1/payments/payment/PAY-7P9515517M597303KLMW74TI/execute","rel":"execute","method":"POST"}]}
2018-06-23 18:56:52,022 [15] DEBUG PayPal.Api.PayPalResource [(null)] Content-Type:application/x-www-form-urlencoded
2018-06-23 18:56:52,045 [15] DEBUG PayPal.Api.PayPalResource [(null)] User-Agent:PayPalSDK/PayPal-NET-SDK 1.5.0 (lang=DOTNET;v=4.5.1;clr=4.0.30319.42000;bit=64;os=Microsoft Windows NT 6.1.7601 Service Pack 1)
2018-06-23 18:56:52,046 [15] DEBUG PayPal.Api.PayPalResource [(null)] Authorization:Basic QWQ0bXhSRDRRZFhSNjlMWUNwRnQxOTRJQ0NwVWdGaWt6NENiRHdtemFyaEh4TzVwTnM2bW5lMXQ3SjRRd2hDNFpTcy1QWTlVU25wVkkxbFQ6RURiUUF6RjE1U191N2hvdFA1ejNiMTVaeV9KOV8tbzJxVld0OER1UEFpOHhyYzZUaFpST2lhWmRCWldGZ0d2bjJWV2QwVmF1M3pnSWp6TjI=
2018-06-23 18:56:52,046 [15] DEBUG PayPal.Api.PayPalResource [(null)] PayPal-Request-Id:f3ab5e6e-6737-40ce-958c-809edf891a82
2018-06-23 18:56:52,296 [15] DEBUG PayPal.Api.HttpConnection [(null)] grant_type=client_credentials
2018-06-23 18:56:55,190 [15] DEBUG PayPal.Api.HttpConnection [(null)] Service response: 
2018-06-23 18:56:55,190 [15] DEBUG PayPal.Api.HttpConnection [(null)] {"scope":"https://api.paypal.com/v1/payments/.* https://uri.paypal.com/services/payments/refund https://uri.paypal.com/services/applications/webhooks https://uri.paypal.com/services/payments/payment/authcapture https://uri.paypal.com/payments/payouts https://api.paypal.com/v1/vault/credit-card/.* https://uri.paypal.com/services/disputes/read-seller https://uri.paypal.com/services/subscriptions https://uri.paypal.com/services/disputes/read-buyer https://api.paypal.com/v1/vault/credit-card openid https://uri.paypal.com/services/disputes/update-seller https://uri.paypal.com/services/payments/realtimepayment","nonce":"2018-06-23T10:56:11Z8geW51h1b_LCZi3RWX1OyRr-jsHupw1-aKGnp_MCjlU","access_token":"A21AAGnSyPSgsMSDAUtzkbcYF_AT7t-O5fl1dKjb4sCmqypnJVhywkZ_NGHNqHlrRahDAh1VGF9zmnxV1Lfq3b_Wikfn_R7hw","token_type":"Bearer","app_id":"APP-80W284485P519543T","expires_in":32398}
2018-06-23 18:56:55,458 [15] DEBUG PayPal.Api.PayPalResource [(null)] Content-Type:application/json
2018-06-23 18:56:55,458 [15] DEBUG PayPal.Api.PayPalResource [(null)] User-Agent:PayPalSDK/PayPal-NET-SDK 1.5.0 (lang=DOTNET;v=4.5.1;clr=4.0.30319.42000;bit=64;os=Microsoft Windows NT 6.1.7601 Service Pack 1)
2018-06-23 18:56:55,458 [15] DEBUG PayPal.Api.PayPalResource [(null)] Authorization:Bearer A21AAGnSyPSgsMSDAUtzkbcYF_AT7t-O5fl1dKjb4sCmqypnJVhywkZ_NGHNqHlrRahDAh1VGF9zmnxV1Lfq3b_Wikfn_R7hw
2018-06-23 18:56:55,458 [15] DEBUG PayPal.Api.PayPalResource [(null)] PayPal-Request-Id:2a3f76fe-6b1c-45d9-b3b5-11f9d86c1dcf
2018-06-23 18:56:55,638 [15] DEBUG PayPal.Api.HttpConnection [(null)] {"intent":"sale","payer":{"payment_method":"paypal"},"transactions":[{"amount":{"currency":"USD","total":"7","details":{"subtotal":"5","shipping":"1","tax":"1"}},"description":"Transaction description.","invoice_number":"your invoice number","item_list":{"items":[{"quantity":"1","name":"Item Name","price":"5","currency":"USD","sku":"sku"}]}}],"redirect_urls":{"return_url":"http://localhost:53632/Paypal/PaymentWithPayPal?guid=39842","cancel_url":"http://localhost:53632/Paypal/PaymentWithPayPal?guid=39842"}}
2018-06-23 18:56:56,606 [15] DEBUG PayPal.Api.HttpConnection [(null)] Service response: 
2018-06-23 18:56:56,606 [15] DEBUG PayPal.Api.HttpConnection [(null)] {"id":"PAY-6AE82458AG5037216LMXCOTY","intent":"sale","state":"created","payer":{"payment_method":"paypal"},"transactions":[{"amount":{"total":"7.00","currency":"USD","details":{"subtotal":"5.00","tax":"1.00","shipping":"1.00"}},"description":"Transaction description.","invoice_number":"your invoice number","item_list":{"items":[{"name":"Item Name","sku":"sku","price":"5.00","currency":"USD","quantity":1}]},"related_resources":[]}],"create_time":"2018-06-23T10:56:14Z","links":[{"href":"https://api.sandbox.paypal.com/v1/payments/payment/PAY-6AE82458AG5037216LMXCOTY","rel":"self","method":"GET"},{"href":"https://www.sandbox.paypal.com/cgi-bin/webscr?cmd=_express-checkout&token=EC-1BP483294W8995349","rel":"approval_url","method":"REDIRECT"},{"href":"https://api.sandbox.paypal.com/v1/payments/payment/PAY-6AE82458AG5037216LMXCOTY/execute","rel":"execute","method":"POST"}]}
2018-06-23 20:15:47,678 [11] DEBUG PayPal.Api.PayPalResource [(null)] Content-Type:application/x-www-form-urlencoded
2018-06-23 20:15:47,701 [11] DEBUG PayPal.Api.PayPalResource [(null)] User-Agent:PayPalSDK/PayPal-NET-SDK 1.5.0 (lang=DOTNET;v=4.5.1;clr=4.0.30319.42000;bit=64;os=Microsoft Windows NT 6.1.7601 Service Pack 1)
2018-06-23 20:15:47,701 [11] DEBUG PayPal.Api.PayPalResource [(null)] Authorization:Basic QWQ0bXhSRDRRZFhSNjlMWUNwRnQxOTRJQ0NwVWdGaWt6NENiRHdtemFyaEh4TzVwTnM2bW5lMXQ3SjRRd2hDNFpTcy1QWTlVU25wVkkxbFQ6RURiUUF6RjE1U191N2hvdFA1ejNiMTVaeV9KOV8tbzJxVld0OER1UEFpOHhyYzZUaFpST2lhWmRCWldGZ0d2bjJWV2QwVmF1M3pnSWp6TjI=
2018-06-23 20:15:47,702 [11] DEBUG PayPal.Api.PayPalResource [(null)] PayPal-Request-Id:3d7b1c88-3110-4bfa-a14c-b447100fe9ee
2018-06-23 20:15:47,947 [11] DEBUG PayPal.Api.HttpConnection [(null)] grant_type=client_credentials
2018-06-23 20:15:48,759 [11] DEBUG PayPal.Api.HttpConnection [(null)] Service response: 
2018-06-23 20:15:48,760 [11] DEBUG PayPal.Api.HttpConnection [(null)] {"scope":"https://api.paypal.com/v1/payments/.* https://uri.paypal.com/services/payments/refund https://uri.paypal.com/services/applications/webhooks https://uri.paypal.com/services/payments/payment/authcapture https://uri.paypal.com/payments/payouts https://api.paypal.com/v1/vault/credit-card/.* https://uri.paypal.com/services/disputes/read-seller https://uri.paypal.com/services/subscriptions https://uri.paypal.com/services/disputes/read-buyer https://api.paypal.com/v1/vault/credit-card openid https://uri.paypal.com/services/disputes/update-seller https://uri.paypal.com/services/payments/realtimepayment","nonce":"2018-06-23T12:06:41Zbvx_gBMLXOFHYO9V6MD08-fsQVTpDD2GRDEhLWv0liI","access_token":"A21AAFiIMM9puEn9-gkhZre0WilQGoTqVNVvMwbhIt5__RYIPk2TBe7GH5CY5kGMBNj3nHABpgZ2VdqJox4NzRzKkD6Qo5YoQ","token_type":"Bearer","app_id":"APP-80W284485P519543T","expires_in":31894}
2018-06-23 20:15:49,017 [11] DEBUG PayPal.Api.PayPalResource [(null)] Content-Type:application/json
2018-06-23 20:15:49,017 [11] DEBUG PayPal.Api.PayPalResource [(null)] User-Agent:PayPalSDK/PayPal-NET-SDK 1.5.0 (lang=DOTNET;v=4.5.1;clr=4.0.30319.42000;bit=64;os=Microsoft Windows NT 6.1.7601 Service Pack 1)
2018-06-23 20:15:49,017 [11] DEBUG PayPal.Api.PayPalResource [(null)] Authorization:Bearer A21AAFiIMM9puEn9-gkhZre0WilQGoTqVNVvMwbhIt5__RYIPk2TBe7GH5CY5kGMBNj3nHABpgZ2VdqJox4NzRzKkD6Qo5YoQ
2018-06-23 20:15:49,018 [11] DEBUG PayPal.Api.PayPalResource [(null)] PayPal-Request-Id:e305f07e-3f98-480d-95f2-965b6cba24ee
2018-06-23 20:15:49,235 [11] DEBUG PayPal.Api.HttpConnection [(null)] {"intent":"sale","payer":{"payment_method":"paypal"},"transactions":[{"amount":{"currency":"USD","total":"7","details":{"subtotal":"5","shipping":"1","tax":"1"}},"description":"Transaction description.","invoice_number":"your invoice number","item_list":{"items":[{"quantity":"1","name":"Item Name","price":"5","currency":"USD","sku":"sku"}]}}],"redirect_urls":{"return_url":"http://localhost:53632/Paypal/PaymentWithPayPal?guid=1351","cancel_url":"http://localhost:53632/Paypal/PaymentWithPayPal?guid=1351"}}
2018-06-23 20:15:50,277 [11] DEBUG PayPal.Api.HttpConnection [(null)] Service response: 
2018-06-23 20:15:50,277 [11] DEBUG PayPal.Api.HttpConnection [(null)] {"id":"PAY-7HP89146SD793281LLMXDTTI","intent":"sale","state":"created","payer":{"payment_method":"paypal"},"transactions":[{"amount":{"total":"7.00","currency":"USD","details":{"subtotal":"5.00","tax":"1.00","shipping":"1.00"}},"description":"Transaction description.","invoice_number":"your invoice number","item_list":{"items":[{"name":"Item Name","sku":"sku","price":"5.00","currency":"USD","quantity":1}]},"related_resources":[]}],"create_time":"2018-06-23T12:15:08Z","links":[{"href":"https://api.sandbox.paypal.com/v1/payments/payment/PAY-7HP89146SD793281LLMXDTTI","rel":"self","method":"GET"},{"href":"https://www.sandbox.paypal.com/cgi-bin/webscr?cmd=_express-checkout&token=EC-68H322280R165991R","rel":"approval_url","method":"REDIRECT"},{"href":"https://api.sandbox.paypal.com/v1/payments/payment/PAY-7HP89146SD793281LLMXDTTI/execute","rel":"execute","method":"POST"}]}
2018-06-23 20:15:51,689 [15] DEBUG PayPal.Api.PayPalResource [(null)] Content-Type:application/x-www-form-urlencoded
2018-06-23 20:15:51,690 [15] DEBUG PayPal.Api.PayPalResource [(null)] User-Agent:PayPalSDK/PayPal-NET-SDK 1.5.0 (lang=DOTNET;v=4.5.1;clr=4.0.30319.42000;bit=64;os=Microsoft Windows NT 6.1.7601 Service Pack 1)
2018-06-23 20:15:51,690 [15] DEBUG PayPal.Api.PayPalResource [(null)] Authorization:Basic QWQ0bXhSRDRRZFhSNjlMWUNwRnQxOTRJQ0NwVWdGaWt6NENiRHdtemFyaEh4TzVwTnM2bW5lMXQ3SjRRd2hDNFpTcy1QWTlVU25wVkkxbFQ6RURiUUF6RjE1U191N2hvdFA1ejNiMTVaeV9KOV8tbzJxVld0OER1UEFpOHhyYzZUaFpST2lhWmRCWldGZ0d2bjJWV2QwVmF1M3pnSWp6TjI=
2018-06-23 20:15:51,690 [15] DEBUG PayPal.Api.PayPalResource [(null)] PayPal-Request-Id:33978ec1-8458-4802-b9b0-eaeb3ea6236d
2018-06-23 20:15:51,877 [15] DEBUG PayPal.Api.HttpConnection [(null)] grant_type=client_credentials
2018-06-23 20:15:52,518 [15] DEBUG PayPal.Api.HttpConnection [(null)] Service response: 
2018-06-23 20:15:52,519 [15] DEBUG PayPal.Api.HttpConnection [(null)] {"scope":"https://api.paypal.com/v1/payments/.* https://uri.paypal.com/services/payments/refund https://uri.paypal.com/services/applications/webhooks https://uri.paypal.com/services/payments/payment/authcapture https://uri.paypal.com/payments/payouts https://api.paypal.com/v1/vault/credit-card/.* https://uri.paypal.com/services/disputes/read-seller https://uri.paypal.com/services/subscriptions https://uri.paypal.com/services/disputes/read-buyer https://api.paypal.com/v1/vault/credit-card openid https://uri.paypal.com/services/disputes/update-seller https://uri.paypal.com/services/payments/realtimepayment","nonce":"2018-06-23T12:06:41Zbvx_gBMLXOFHYO9V6MD08-fsQVTpDD2GRDEhLWv0liI","access_token":"A21AAFiIMM9puEn9-gkhZre0WilQGoTqVNVvMwbhIt5__RYIPk2TBe7GH5CY5kGMBNj3nHABpgZ2VdqJox4NzRzKkD6Qo5YoQ","token_type":"Bearer","app_id":"APP-80W284485P519543T","expires_in":31890}
2018-06-23 20:15:52,519 [15] DEBUG PayPal.Api.PayPalResource [(null)] Content-Type:application/json
2018-06-23 20:15:52,520 [15] DEBUG PayPal.Api.PayPalResource [(null)] User-Agent:PayPalSDK/PayPal-NET-SDK 1.5.0 (lang=DOTNET;v=4.5.1;clr=4.0.30319.42000;bit=64;os=Microsoft Windows NT 6.1.7601 Service Pack 1)
2018-06-23 20:15:52,520 [15] DEBUG PayPal.Api.PayPalResource [(null)] Authorization:Bearer A21AAFiIMM9puEn9-gkhZre0WilQGoTqVNVvMwbhIt5__RYIPk2TBe7GH5CY5kGMBNj3nHABpgZ2VdqJox4NzRzKkD6Qo5YoQ
2018-06-23 20:15:52,520 [15] DEBUG PayPal.Api.PayPalResource [(null)] PayPal-Request-Id:9253e7b9-9787-46c7-a939-5c2ca1f7c32e
2018-06-23 20:15:52,696 [15] DEBUG PayPal.Api.HttpConnection [(null)] {"intent":"sale","payer":{"payment_method":"paypal"},"transactions":[{"amount":{"currency":"USD","total":"7","details":{"subtotal":"5","shipping":"1","tax":"1"}},"description":"Transaction description.","invoice_number":"your invoice number","item_list":{"items":[{"quantity":"1","name":"Item Name","price":"5","currency":"USD","sku":"sku"}]}}],"redirect_urls":{"return_url":"http://localhost:53632/Paypal/PaymentWithPayPal?guid=71806","cancel_url":"http://localhost:53632/Paypal/PaymentWithPayPal?guid=71806"}}
2018-06-23 20:15:53,601 [15] DEBUG PayPal.Api.HttpConnection [(null)] Service response: 
2018-06-23 20:15:53,601 [15] DEBUG PayPal.Api.HttpConnection [(null)] {"id":"PAY-9JK93535TV000752KLMXDTUA","intent":"sale","state":"created","payer":{"payment_method":"paypal"},"transactions":[{"amount":{"total":"7.00","currency":"USD","details":{"subtotal":"5.00","tax":"1.00","shipping":"1.00"}},"description":"Transaction description.","invoice_number":"your invoice number","item_list":{"items":[{"name":"Item Name","sku":"sku","price":"5.00","currency":"USD","quantity":1}]},"related_resources":[]}],"create_time":"2018-06-23T12:15:12Z","links":[{"href":"https://api.sandbox.paypal.com/v1/payments/payment/PAY-9JK93535TV000752KLMXDTUA","rel":"self","method":"GET"},{"href":"https://www.sandbox.paypal.com/cgi-bin/webscr?cmd=_express-checkout&token=EC-1NK12465J8504091H","rel":"approval_url","method":"REDIRECT"},{"href":"https://api.sandbox.paypal.com/v1/payments/payment/PAY-9JK93535TV000752KLMXDTUA/execute","rel":"execute","method":"POST"}]}
2018-06-23 20:19:16,829 [13] DEBUG PayPal.Api.PayPalResource [(null)] Content-Type:application/x-www-form-urlencoded
2018-06-23 20:19:16,830 [13] DEBUG PayPal.Api.PayPalResource [(null)] User-Agent:PayPalSDK/PayPal-NET-SDK 1.5.0 (lang=DOTNET;v=4.5.1;clr=4.0.30319.42000;bit=64;os=Microsoft Windows NT 6.1.7601 Service Pack 1)
2018-06-23 20:19:16,830 [13] DEBUG PayPal.Api.PayPalResource [(null)] Authorization:Basic QWQ0bXhSRDRRZFhSNjlMWUNwRnQxOTRJQ0NwVWdGaWt6NENiRHdtemFyaEh4TzVwTnM2bW5lMXQ3SjRRd2hDNFpTcy1QWTlVU25wVkkxbFQ6RURiUUF6RjE1U191N2hvdFA1ejNiMTVaeV9KOV8tbzJxVld0OER1UEFpOHhyYzZUaFpST2lhWmRCWldGZ0d2bjJWV2QwVmF1M3pnSWp6TjI=
2018-06-23 20:19:16,830 [13] DEBUG PayPal.Api.PayPalResource [(null)] PayPal-Request-Id:3eceb017-2bec-467c-a1ee-f5a9f7578ecd
2018-06-23 20:19:17,168 [13] DEBUG PayPal.Api.HttpConnection [(null)] grant_type=client_credentials
2018-06-23 20:19:17,809 [13] DEBUG PayPal.Api.HttpConnection [(null)] Service response: 
2018-06-23 20:19:17,809 [13] DEBUG PayPal.Api.HttpConnection [(null)] {"scope":"https://api.paypal.com/v1/payments/.* https://uri.paypal.com/services/payments/refund https://uri.paypal.com/services/applications/webhooks https://uri.paypal.com/services/payments/payment/authcapture https://uri.paypal.com/payments/payouts https://api.paypal.com/v1/vault/credit-card/.* https://uri.paypal.com/services/disputes/read-seller https://uri.paypal.com/services/subscriptions https://uri.paypal.com/services/disputes/read-buyer https://api.paypal.com/v1/vault/credit-card openid https://uri.paypal.com/services/disputes/update-seller https://uri.paypal.com/services/payments/realtimepayment","nonce":"2018-06-23T12:06:41Zbvx_gBMLXOFHYO9V6MD08-fsQVTpDD2GRDEhLWv0liI","access_token":"A21AAFiIMM9puEn9-gkhZre0WilQGoTqVNVvMwbhIt5__RYIPk2TBe7GH5CY5kGMBNj3nHABpgZ2VdqJox4NzRzKkD6Qo5YoQ","token_type":"Bearer","app_id":"APP-80W284485P519543T","expires_in":31685}
2018-06-23 20:19:17,810 [13] DEBUG PayPal.Api.PayPalResource [(null)] Content-Type:application/json
2018-06-23 20:19:17,810 [13] DEBUG PayPal.Api.PayPalResource [(null)] User-Agent:PayPalSDK/PayPal-NET-SDK 1.5.0 (lang=DOTNET;v=4.5.1;clr=4.0.30319.42000;bit=64;os=Microsoft Windows NT 6.1.7601 Service Pack 1)
2018-06-23 20:19:17,810 [13] DEBUG PayPal.Api.PayPalResource [(null)] Authorization:Bearer A21AAFiIMM9puEn9-gkhZre0WilQGoTqVNVvMwbhIt5__RYIPk2TBe7GH5CY5kGMBNj3nHABpgZ2VdqJox4NzRzKkD6Qo5YoQ
2018-06-23 20:19:17,811 [13] DEBUG PayPal.Api.PayPalResource [(null)] PayPal-Request-Id:01b79adb-da48-4126-8d8c-f28b0ec253b1
2018-06-23 20:19:17,987 [13] DEBUG PayPal.Api.HttpConnection [(null)] {"intent":"sale","payer":{"payment_method":"paypal"},"transactions":[{"amount":{"currency":"USD","total":"7","details":{"subtotal":"5","shipping":"1","tax":"1"}},"description":"Transaction description.","invoice_number":"your invoice number","item_list":{"items":[{"quantity":"1","name":"Item Name","price":"5","currency":"USD","sku":"sku"}]}}],"redirect_urls":{"return_url":"http://localhost:53632/Paypal/PaymentWithPayPal?guid=6779","cancel_url":"http://localhost:53632/Paypal/PaymentWithPayPal?guid=6779"}}
2018-06-23 20:19:18,938 [13] DEBUG PayPal.Api.HttpConnection [(null)] Service response: 
2018-06-23 20:19:18,938 [13] DEBUG PayPal.Api.HttpConnection [(null)] {"id":"PAY-3Y753020GG249974CLMXDVHI","intent":"sale","state":"created","payer":{"payment_method":"paypal"},"transactions":[{"amount":{"total":"7.00","currency":"USD","details":{"subtotal":"5.00","tax":"1.00","shipping":"1.00"}},"description":"Transaction description.","invoice_number":"your invoice number","item_list":{"items":[{"name":"Item Name","sku":"sku","price":"5.00","currency":"USD","quantity":1}]},"related_resources":[]}],"create_time":"2018-06-23T12:18:37Z","links":[{"href":"https://api.sandbox.paypal.com/v1/payments/payment/PAY-3Y753020GG249974CLMXDVHI","rel":"self","method":"GET"},{"href":"https://www.sandbox.paypal.com/cgi-bin/webscr?cmd=_express-checkout&token=EC-53S180194B591103C","rel":"approval_url","method":"REDIRECT"},{"href":"https://api.sandbox.paypal.com/v1/payments/payment/PAY-3Y753020GG249974CLMXDVHI/execute","rel":"execute","method":"POST"}]}
2018-06-23 20:20:42,482 [19] DEBUG PayPal.Api.PayPalResource [(null)] Content-Type:application/x-www-form-urlencoded
2018-06-23 20:20:42,505 [19] DEBUG PayPal.Api.PayPalResource [(null)] User-Agent:PayPalSDK/PayPal-NET-SDK 1.5.0 (lang=DOTNET;v=4.5.1;clr=4.0.30319.42000;bit=64;os=Microsoft Windows NT 6.1.7601 Service Pack 1)
2018-06-23 20:20:42,505 [19] DEBUG PayPal.Api.PayPalResource [(null)] Authorization:Basic QWQ0bXhSRDRRZFhSNjlMWUNwRnQxOTRJQ0NwVWdGaWt6NENiRHdtemFyaEh4TzVwTnM2bW5lMXQ3SjRRd2hDNFpTcy1QWTlVU25wVkkxbFQ6RURiUUF6RjE1U191N2hvdFA1ejNiMTVaeV9KOV8tbzJxVld0OER1UEFpOHhyYzZUaFpST2lhWmRCWldGZ0d2bjJWV2QwVmF1M3pnSWp6TjI=
2018-06-23 20:20:42,505 [19] DEBUG PayPal.Api.PayPalResource [(null)] PayPal-Request-Id:93b68309-0c3c-4757-9100-e91d3de8ee7b
2018-06-23 20:20:42,781 [19] DEBUG PayPal.Api.HttpConnection [(null)] grant_type=client_credentials
2018-06-23 20:20:43,605 [19] DEBUG PayPal.Api.HttpConnection [(null)] Service response: 
2018-06-23 20:20:43,605 [19] DEBUG PayPal.Api.HttpConnection [(null)] {"scope":"https://api.paypal.com/v1/payments/.* https://uri.paypal.com/services/payments/refund https://uri.paypal.com/services/applications/webhooks https://uri.paypal.com/services/payments/payment/authcapture https://uri.paypal.com/payments/payouts https://api.paypal.com/v1/vault/credit-card/.* https://uri.paypal.com/services/disputes/read-seller https://uri.paypal.com/services/subscriptions https://uri.paypal.com/services/disputes/read-buyer https://api.paypal.com/v1/vault/credit-card openid https://uri.paypal.com/services/disputes/update-seller https://uri.paypal.com/services/payments/realtimepayment","nonce":"2018-06-23T12:06:41Zbvx_gBMLXOFHYO9V6MD08-fsQVTpDD2GRDEhLWv0liI","access_token":"A21AAFiIMM9puEn9-gkhZre0WilQGoTqVNVvMwbhIt5__RYIPk2TBe7GH5CY5kGMBNj3nHABpgZ2VdqJox4NzRzKkD6Qo5YoQ","token_type":"Bearer","app_id":"APP-80W284485P519543T","expires_in":31599}
2018-06-23 20:20:43,889 [19] DEBUG PayPal.Api.PayPalResource [(null)] Content-Type:application/json
2018-06-23 20:20:43,889 [19] DEBUG PayPal.Api.PayPalResource [(null)] User-Agent:PayPalSDK/PayPal-NET-SDK 1.5.0 (lang=DOTNET;v=4.5.1;clr=4.0.30319.42000;bit=64;os=Microsoft Windows NT 6.1.7601 Service Pack 1)
2018-06-23 20:20:43,890 [19] DEBUG PayPal.Api.PayPalResource [(null)] Authorization:Bearer A21AAFiIMM9puEn9-gkhZre0WilQGoTqVNVvMwbhIt5__RYIPk2TBe7GH5CY5kGMBNj3nHABpgZ2VdqJox4NzRzKkD6Qo5YoQ
2018-06-23 20:20:43,890 [19] DEBUG PayPal.Api.PayPalResource [(null)] PayPal-Request-Id:4e726520-ac07-4a58-ac17-3f042859e35b
2018-06-23 20:20:44,115 [19] DEBUG PayPal.Api.HttpConnection [(null)] {"intent":"sale","payer":{"payment_method":"paypal"},"transactions":[{"amount":{"currency":"USD","total":"7","details":{"subtotal":"5","shipping":"1","tax":"1"}},"description":"Transaction description.","invoice_number":"your invoice number","item_list":{"items":[{"quantity":"1","name":"Item Name","price":"5","currency":"USD","sku":"sku"}]}}],"redirect_urls":{"return_url":"http://localhost:53632/Paypal/PaymentWithPayPal?guid=34165","cancel_url":"http://localhost:53632/Paypal/PaymentWithPayPal?guid=34165"}}
2018-06-23 20:20:45,099 [19] DEBUG PayPal.Api.HttpConnection [(null)] Service response: 
2018-06-23 20:20:45,099 [19] DEBUG PayPal.Api.HttpConnection [(null)] {"id":"PAY-7HG90661DG849032BLMXDV4Y","intent":"sale","state":"created","payer":{"payment_method":"paypal"},"transactions":[{"amount":{"total":"7.00","currency":"USD","details":{"subtotal":"5.00","tax":"1.00","shipping":"1.00"}},"description":"Transaction description.","invoice_number":"your invoice number","item_list":{"items":[{"name":"Item Name","sku":"sku","price":"5.00","currency":"USD","quantity":1}]},"related_resources":[]}],"create_time":"2018-06-23T12:20:03Z","links":[{"href":"https://api.sandbox.paypal.com/v1/payments/payment/PAY-7HG90661DG849032BLMXDV4Y","rel":"self","method":"GET"},{"href":"https://www.sandbox.paypal.com/cgi-bin/webscr?cmd=_express-checkout&token=EC-03726962EX7652829","rel":"approval_url","method":"REDIRECT"},{"href":"https://api.sandbox.paypal.com/v1/payments/payment/PAY-7HG90661DG849032BLMXDV4Y/execute","rel":"execute","method":"POST"}]}
2018-06-23 20:24:24,037 [14] DEBUG PayPal.Api.PayPalResource [(null)] Content-Type:application/x-www-form-urlencoded
2018-06-23 20:24:24,060 [14] DEBUG PayPal.Api.PayPalResource [(null)] User-Agent:PayPalSDK/PayPal-NET-SDK 1.5.0 (lang=DOTNET;v=4.5.1;clr=4.0.30319.42000;bit=64;os=Microsoft Windows NT 6.1.7601 Service Pack 1)
2018-06-23 20:24:24,061 [14] DEBUG PayPal.Api.PayPalResource [(null)] Authorization:Basic QWQ0bXhSRDRRZFhSNjlMWUNwRnQxOTRJQ0NwVWdGaWt6NENiRHdtemFyaEh4TzVwTnM2bW5lMXQ3SjRRd2hDNFpTcy1QWTlVU25wVkkxbFQ6RURiUUF6RjE1U191N2hvdFA1ejNiMTVaeV9KOV8tbzJxVld0OER1UEFpOHhyYzZUaFpST2lhWmRCWldGZ0d2bjJWV2QwVmF1M3pnSWp6TjI=
2018-06-23 20:24:24,061 [14] DEBUG PayPal.Api.PayPalResource [(null)] PayPal-Request-Id:89bf540d-635d-4580-ad06-581e4c43bb7c
2018-06-23 20:24:24,285 [14] DEBUG PayPal.Api.HttpConnection [(null)] grant_type=client_credentials
2018-06-23 20:24:25,127 [14] DEBUG PayPal.Api.HttpConnection [(null)] Service response: 
2018-06-23 20:24:25,127 [14] DEBUG PayPal.Api.HttpConnection [(null)] {"scope":"https://api.paypal.com/v1/payments/.* https://uri.paypal.com/services/payments/refund https://uri.paypal.com/services/applications/webhooks https://uri.paypal.com/services/payments/payment/authcapture https://uri.paypal.com/payments/payouts https://api.paypal.com/v1/vault/credit-card/.* https://uri.paypal.com/services/disputes/read-seller https://uri.paypal.com/services/subscriptions https://uri.paypal.com/services/disputes/read-buyer https://api.paypal.com/v1/vault/credit-card openid https://uri.paypal.com/services/disputes/update-seller https://uri.paypal.com/services/payments/realtimepayment","nonce":"2018-06-23T12:06:41Zbvx_gBMLXOFHYO9V6MD08-fsQVTpDD2GRDEhLWv0liI","access_token":"A21AAFiIMM9puEn9-gkhZre0WilQGoTqVNVvMwbhIt5__RYIPk2TBe7GH5CY5kGMBNj3nHABpgZ2VdqJox4NzRzKkD6Qo5YoQ","token_type":"Bearer","app_id":"APP-80W284485P519543T","expires_in":31378}
2018-06-23 20:24:25,429 [14] DEBUG PayPal.Api.PayPalResource [(null)] Content-Type:application/json
2018-06-23 20:24:25,429 [14] DEBUG PayPal.Api.PayPalResource [(null)] User-Agent:PayPalSDK/PayPal-NET-SDK 1.5.0 (lang=DOTNET;v=4.5.1;clr=4.0.30319.42000;bit=64;os=Microsoft Windows NT 6.1.7601 Service Pack 1)
2018-06-23 20:24:25,429 [14] DEBUG PayPal.Api.PayPalResource [(null)] Authorization:Bearer A21AAFiIMM9puEn9-gkhZre0WilQGoTqVNVvMwbhIt5__RYIPk2TBe7GH5CY5kGMBNj3nHABpgZ2VdqJox4NzRzKkD6Qo5YoQ
2018-06-23 20:24:25,430 [14] DEBUG PayPal.Api.PayPalResource [(null)] PayPal-Request-Id:0010d563-85a7-4ac5-a63b-bacff4725f0b
2018-06-23 20:24:25,612 [14] DEBUG PayPal.Api.HttpConnection [(null)] {"intent":"sale","payer":{"payment_method":"paypal"},"transactions":[{"amount":{"currency":"USD","total":"7","details":{"subtotal":"5","shipping":"1","tax":"1"}},"description":"Transaction description.","invoice_number":"your invoice number","item_list":{"items":[{"quantity":"1","name":"Item Name","price":"5","currency":"USD","sku":"sku"}]}}],"redirect_urls":{"return_url":"http://localhost:53632/Paypal/PaymentWithPayPal?guid=38512","cancel_url":"http://localhost:53632/Paypal/PaymentWithPayPal?guid=38512"}}
2018-06-23 20:24:26,666 [14] DEBUG PayPal.Api.HttpConnection [(null)] Service response: 
2018-06-23 20:24:26,666 [14] DEBUG PayPal.Api.HttpConnection [(null)] {"id":"PAY-47U019067H8657623LMXDXUI","intent":"sale","state":"created","payer":{"payment_method":"paypal"},"transactions":[{"amount":{"total":"7.00","currency":"USD","details":{"subtotal":"5.00","tax":"1.00","shipping":"1.00"}},"description":"Transaction description.","invoice_number":"your invoice number","item_list":{"items":[{"name":"Item Name","sku":"sku","price":"5.00","currency":"USD","quantity":1}]},"related_resources":[]}],"create_time":"2018-06-23T12:23:44Z","links":[{"href":"https://api.sandbox.paypal.com/v1/payments/payment/PAY-47U019067H8657623LMXDXUI","rel":"self","method":"GET"},{"href":"https://www.sandbox.paypal.com/cgi-bin/webscr?cmd=_express-checkout&token=EC-6HV95364T1318052X","rel":"approval_url","method":"REDIRECT"},{"href":"https://api.sandbox.paypal.com/v1/payments/payment/PAY-47U019067H8657623LMXDXUI/execute","rel":"execute","method":"POST"}]}
2018-06-23 20:35:36,265 [8] DEBUG PayPal.Api.PayPalResource [(null)] Content-Type:application/x-www-form-urlencoded
2018-06-23 20:35:36,288 [8] DEBUG PayPal.Api.PayPalResource [(null)] User-Agent:PayPalSDK/PayPal-NET-SDK 1.5.0 (lang=DOTNET;v=4.5.1;clr=4.0.30319.42000;bit=64;os=Microsoft Windows NT 6.1.7601 Service Pack 1)
2018-06-23 20:35:36,289 [8] DEBUG PayPal.Api.PayPalResource [(null)] Authorization:Basic QWQ0bXhSRDRRZFhSNjlMWUNwRnQxOTRJQ0NwVWdGaWt6NENiRHdtemFyaEh4TzVwTnM2bW5lMXQ3SjRRd2hDNFpTcy1QWTlVU25wVkkxbFQ6RURiUUF6RjE1U191N2hvdFA1ejNiMTVaeV9KOV8tbzJxVld0OER1UEFpOHhyYzZUaFpST2lhWmRCWldGZ0d2bjJWV2QwVmF1M3pnSWp6TjI=
2018-06-23 20:35:36,289 [8] DEBUG PayPal.Api.PayPalResource [(null)] PayPal-Request-Id:1b431b96-1160-4768-bf7a-7af24aff3e48
2018-06-23 20:35:36,543 [8] DEBUG PayPal.Api.HttpConnection [(null)] grant_type=client_credentials
2018-06-23 20:35:37,421 [8] DEBUG PayPal.Api.HttpConnection [(null)] Service response: 
2018-06-23 20:35:37,421 [8] DEBUG PayPal.Api.HttpConnection [(null)] {"scope":"https://api.paypal.com/v1/payments/.* https://uri.paypal.com/services/payments/refund https://uri.paypal.com/services/applications/webhooks https://uri.paypal.com/services/payments/payment/authcapture https://uri.paypal.com/payments/payouts https://api.paypal.com/v1/vault/credit-card/.* https://uri.paypal.com/services/disputes/read-seller https://uri.paypal.com/services/subscriptions https://uri.paypal.com/services/disputes/read-buyer https://api.paypal.com/v1/vault/credit-card openid https://uri.paypal.com/services/disputes/update-seller https://uri.paypal.com/services/payments/realtimepayment","nonce":"2018-06-23T12:06:41Zbvx_gBMLXOFHYO9V6MD08-fsQVTpDD2GRDEhLWv0liI","access_token":"A21AAFiIMM9puEn9-gkhZre0WilQGoTqVNVvMwbhIt5__RYIPk2TBe7GH5CY5kGMBNj3nHABpgZ2VdqJox4NzRzKkD6Qo5YoQ","token_type":"Bearer","app_id":"APP-80W284485P519543T","expires_in":30705}
2018-06-23 20:35:37,723 [8] DEBUG PayPal.Api.PayPalResource [(null)] Content-Type:application/json
2018-06-23 20:35:37,724 [8] DEBUG PayPal.Api.PayPalResource [(null)] User-Agent:PayPalSDK/PayPal-NET-SDK 1.5.0 (lang=DOTNET;v=4.5.1;clr=4.0.30319.42000;bit=64;os=Microsoft Windows NT 6.1.7601 Service Pack 1)
2018-06-23 20:35:37,724 [8] DEBUG PayPal.Api.PayPalResource [(null)] Authorization:Bearer A21AAFiIMM9puEn9-gkhZre0WilQGoTqVNVvMwbhIt5__RYIPk2TBe7GH5CY5kGMBNj3nHABpgZ2VdqJox4NzRzKkD6Qo5YoQ
2018-06-23 20:35:37,724 [8] DEBUG PayPal.Api.PayPalResource [(null)] PayPal-Request-Id:ee88a724-e582-4400-9678-eb3a229c905a
2018-06-23 20:35:37,904 [8] DEBUG PayPal.Api.HttpConnection [(null)] {"intent":"sale","payer":{"payment_method":"paypal"},"transactions":[{"amount":{"currency":"USD","total":"7","details":{"subtotal":"5","shipping":"1","tax":"1"}},"description":"Transaction description.","invoice_number":"your invoice number","item_list":{"items":[{"quantity":"1","name":"Item Name","price":"5","currency":"USD","sku":"sku"}]}}],"redirect_urls":{"return_url":"http://localhost:53632/Paypal/PaymentWithPayPal?guid=35657","cancel_url":"http://localhost:53632/Paypal/PaymentWithPayPal?guid=35657"}}
2018-06-23 20:35:50,688 [8] DEBUG PayPal.Api.HttpConnection [(null)] Service response: 
2018-06-23 20:35:50,688 [8] DEBUG PayPal.Api.HttpConnection [(null)] {"id":"PAY-7SR83000UX501381SLMXD46A","intent":"sale","state":"created","payer":{"payment_method":"paypal"},"transactions":[{"amount":{"total":"7.00","currency":"USD","details":{"subtotal":"5.00","tax":"1.00","shipping":"1.00"}},"description":"Transaction description.","invoice_number":"your invoice number","item_list":{"items":[{"name":"Item Name","sku":"sku","price":"5.00","currency":"USD","quantity":1}]},"related_resources":[]}],"create_time":"2018-06-23T12:35:03Z","links":[{"href":"https://api.sandbox.paypal.com/v1/payments/payment/PAY-7SR83000UX501381SLMXD46A","rel":"self","method":"GET"},{"href":"https://www.sandbox.paypal.com/cgi-bin/webscr?cmd=_express-checkout&token=EC-9B658678DG208923H","rel":"approval_url","method":"REDIRECT"},{"href":"https://api.sandbox.paypal.com/v1/payments/payment/PAY-7SR83000UX501381SLMXD46A/execute","rel":"execute","method":"POST"}]}
2018-06-23 20:43:48,546 [14] DEBUG PayPal.Api.PayPalResource [(null)] Content-Type:application/x-www-form-urlencoded
2018-06-23 20:43:48,570 [14] DEBUG PayPal.Api.PayPalResource [(null)] User-Agent:PayPalSDK/PayPal-NET-SDK 1.5.0 (lang=DOTNET;v=4.5.1;clr=4.0.30319.42000;bit=64;os=Microsoft Windows NT 6.1.7601 Service Pack 1)
2018-06-23 20:43:48,571 [14] DEBUG PayPal.Api.PayPalResource [(null)] Authorization:Basic QWQ0bXhSRDRRZFhSNjlMWUNwRnQxOTRJQ0NwVWdGaWt6NENiRHdtemFyaEh4TzVwTnM2bW5lMXQ3SjRRd2hDNFpTcy1QWTlVU25wVkkxbFQ6RURiUUF6RjE1U191N2hvdFA1ejNiMTVaeV9KOV8tbzJxVld0OER1UEFpOHhyYzZUaFpST2lhWmRCWldGZ0d2bjJWV2QwVmF1M3pnSWp6TjI=
2018-06-23 20:43:48,571 [14] DEBUG PayPal.Api.PayPalResource [(null)] PayPal-Request-Id:072e043e-4eed-4125-8222-151ff2db48fa
2018-06-23 20:43:48,839 [14] DEBUG PayPal.Api.HttpConnection [(null)] grant_type=client_credentials
2018-06-23 20:43:49,676 [14] DEBUG PayPal.Api.HttpConnection [(null)] Service response: 
2018-06-23 20:43:49,676 [14] DEBUG PayPal.Api.HttpConnection [(null)] {"scope":"https://api.paypal.com/v1/payments/.* https://uri.paypal.com/services/payments/refund https://uri.paypal.com/services/applications/webhooks https://uri.paypal.com/services/payments/payment/authcapture https://uri.paypal.com/payments/payouts https://api.paypal.com/v1/vault/credit-card/.* https://uri.paypal.com/services/disputes/read-seller https://uri.paypal.com/services/subscriptions https://uri.paypal.com/services/disputes/read-buyer https://api.paypal.com/v1/vault/credit-card openid https://uri.paypal.com/services/disputes/update-seller https://uri.paypal.com/services/payments/realtimepayment","nonce":"2018-06-23T12:06:41Zbvx_gBMLXOFHYO9V6MD08-fsQVTpDD2GRDEhLWv0liI","access_token":"A21AAFiIMM9puEn9-gkhZre0WilQGoTqVNVvMwbhIt5__RYIPk2TBe7GH5CY5kGMBNj3nHABpgZ2VdqJox4NzRzKkD6Qo5YoQ","token_type":"Bearer","app_id":"APP-80W284485P519543T","expires_in":30213}
2018-06-23 20:43:49,943 [14] DEBUG PayPal.Api.PayPalResource [(null)] Content-Type:application/json
2018-06-23 20:43:49,944 [14] DEBUG PayPal.Api.PayPalResource [(null)] User-Agent:PayPalSDK/PayPal-NET-SDK 1.5.0 (lang=DOTNET;v=4.5.1;clr=4.0.30319.42000;bit=64;os=Microsoft Windows NT 6.1.7601 Service Pack 1)
2018-06-23 20:43:49,944 [14] DEBUG PayPal.Api.PayPalResource [(null)] Authorization:Bearer A21AAFiIMM9puEn9-gkhZre0WilQGoTqVNVvMwbhIt5__RYIPk2TBe7GH5CY5kGMBNj3nHABpgZ2VdqJox4NzRzKkD6Qo5YoQ
2018-06-23 20:43:49,945 [14] DEBUG PayPal.Api.PayPalResource [(null)] PayPal-Request-Id:38d2695b-d706-49d6-ae06-a8fed76938c3
2018-06-23 20:43:50,127 [14] DEBUG PayPal.Api.HttpConnection [(null)] {"intent":"sale","payer":{"payment_method":"paypal"},"transactions":[{"amount":{"currency":"USD","total":"7","details":{"subtotal":"5","shipping":"1","tax":"1"}},"description":"Transaction description.","invoice_number":"your invoice number","item_list":{"items":[{"quantity":"1","name":"Item Name","price":"5","currency":"USD","sku":"sku"}]}}],"redirect_urls":{"return_url":"http://localhost:53632/Paypal/PaymentWithPayPal?guid=21748","cancel_url":"http://localhost:53632/Paypal/PaymentWithPayPal?guid=21748"}}
2018-06-23 20:43:51,037 [14] DEBUG PayPal.Api.HttpConnection [(null)] Service response: 
2018-06-23 20:43:51,037 [14] DEBUG PayPal.Api.HttpConnection [(null)] {"id":"PAY-06T08415B4133212PLMXEAXI","intent":"sale","state":"created","payer":{"payment_method":"paypal"},"transactions":[{"amount":{"total":"7.00","currency":"USD","details":{"subtotal":"5.00","tax":"1.00","shipping":"1.00"}},"description":"Transaction description.","invoice_number":"your invoice number","item_list":{"items":[{"name":"Item Name","sku":"sku","price":"5.00","currency":"USD","quantity":1}]},"related_resources":[]}],"create_time":"2018-06-23T12:43:09Z","links":[{"href":"https://api.sandbox.paypal.com/v1/payments/payment/PAY-06T08415B4133212PLMXEAXI","rel":"self","method":"GET"},{"href":"https://www.sandbox.paypal.com/cgi-bin/webscr?cmd=_express-checkout&token=EC-35762768G3861372B","rel":"approval_url","method":"REDIRECT"},{"href":"https://api.sandbox.paypal.com/v1/payments/payment/PAY-06T08415B4133212PLMXEAXI/execute","rel":"execute","method":"POST"}]}
2018-06-23 20:46:34,492 [7] DEBUG PayPal.Api.PayPalResource [(null)] Content-Type:application/x-www-form-urlencoded
2018-06-23 20:46:34,514 [7] DEBUG PayPal.Api.PayPalResource [(null)] User-Agent:PayPalSDK/PayPal-NET-SDK 1.5.0 (lang=DOTNET;v=4.5.1;clr=4.0.30319.42000;bit=64;os=Microsoft Windows NT 6.1.7601 Service Pack 1)
2018-06-23 20:46:34,514 [7] DEBUG PayPal.Api.PayPalResource [(null)] Authorization:Basic QWQ0bXhSRDRRZFhSNjlMWUNwRnQxOTRJQ0NwVWdGaWt6NENiRHdtemFyaEh4TzVwTnM2bW5lMXQ3SjRRd2hDNFpTcy1QWTlVU25wVkkxbFQ6RURiUUF6RjE1U191N2hvdFA1ejNiMTVaeV9KOV8tbzJxVld0OER1UEFpOHhyYzZUaFpST2lhWmRCWldGZ0d2bjJWV2QwVmF1M3pnSWp6TjI=
2018-06-23 20:46:34,515 [7] DEBUG PayPal.Api.PayPalResource [(null)] PayPal-Request-Id:ffe1a1bf-36b8-4651-8c37-dafdef4ddb2c
2018-06-23 20:46:34,712 [7] DEBUG PayPal.Api.HttpConnection [(null)] grant_type=client_credentials
2018-06-23 20:46:35,532 [7] DEBUG PayPal.Api.HttpConnection [(null)] Service response: 
2018-06-23 20:46:35,532 [7] DEBUG PayPal.Api.HttpConnection [(null)] {"scope":"https://api.paypal.com/v1/payments/.* https://uri.paypal.com/services/payments/refund https://uri.paypal.com/services/applications/webhooks https://uri.paypal.com/services/payments/payment/authcapture https://uri.paypal.com/payments/payouts https://api.paypal.com/v1/vault/credit-card/.* https://uri.paypal.com/services/disputes/read-seller https://uri.paypal.com/services/subscriptions https://uri.paypal.com/services/disputes/read-buyer https://api.paypal.com/v1/vault/credit-card openid https://uri.paypal.com/services/disputes/update-seller https://uri.paypal.com/services/payments/realtimepayment","nonce":"2018-06-23T12:06:41Zbvx_gBMLXOFHYO9V6MD08-fsQVTpDD2GRDEhLWv0liI","access_token":"A21AAFiIMM9puEn9-gkhZre0WilQGoTqVNVvMwbhIt5__RYIPk2TBe7GH5CY5kGMBNj3nHABpgZ2VdqJox4NzRzKkD6Qo5YoQ","token_type":"Bearer","app_id":"APP-80W284485P519543T","expires_in":30047}
2018-06-23 20:46:35,812 [7] DEBUG PayPal.Api.PayPalResource [(null)] Content-Type:application/json
2018-06-23 20:46:35,812 [7] DEBUG PayPal.Api.PayPalResource [(null)] User-Agent:PayPalSDK/PayPal-NET-SDK 1.5.0 (lang=DOTNET;v=4.5.1;clr=4.0.30319.42000;bit=64;os=Microsoft Windows NT 6.1.7601 Service Pack 1)
2018-06-23 20:46:35,812 [7] DEBUG PayPal.Api.PayPalResource [(null)] Authorization:Bearer A21AAFiIMM9puEn9-gkhZre0WilQGoTqVNVvMwbhIt5__RYIPk2TBe7GH5CY5kGMBNj3nHABpgZ2VdqJox4NzRzKkD6Qo5YoQ
2018-06-23 20:46:35,813 [7] DEBUG PayPal.Api.PayPalResource [(null)] PayPal-Request-Id:c4e7f7f0-0432-41aa-ad30-fbfb446f8ce3
2018-06-23 20:46:35,991 [7] DEBUG PayPal.Api.HttpConnection [(null)] {"intent":"sale","payer":{"payment_method":"paypal"},"transactions":[{"amount":{"currency":"USD","total":"7","details":{"subtotal":"5","shipping":"1","tax":"1"}},"description":"Transaction description.","invoice_number":"your invoice number","item_list":{"items":[{"quantity":"1","name":"Item Name","price":"5","currency":"USD","sku":"sku"}]}}],"redirect_urls":{"return_url":"http://localhost:53632/Paypal/PaymentWithPayPal?guid=68009","cancel_url":"http://localhost:53632/Paypal/PaymentWithPayPal?guid=68009"}}
2018-06-23 20:46:36,897 [7] DEBUG PayPal.Api.HttpConnection [(null)] Service response: 
2018-06-23 20:46:36,897 [7] DEBUG PayPal.Api.HttpConnection [(null)] {"id":"PAY-02769024TC4934301LMXECAY","intent":"sale","state":"created","payer":{"payment_method":"paypal"},"transactions":[{"amount":{"total":"7.00","currency":"USD","details":{"subtotal":"5.00","tax":"1.00","shipping":"1.00"}},"description":"Transaction description.","invoice_number":"your invoice number","item_list":{"items":[{"name":"Item Name","sku":"sku","price":"5.00","currency":"USD","quantity":1}]},"related_resources":[]}],"create_time":"2018-06-23T12:45:55Z","links":[{"href":"https://api.sandbox.paypal.com/v1/payments/payment/PAY-02769024TC4934301LMXECAY","rel":"self","method":"GET"},{"href":"https://www.sandbox.paypal.com/cgi-bin/webscr?cmd=_express-checkout&token=EC-13J69455HW972103P","rel":"approval_url","method":"REDIRECT"},{"href":"https://api.sandbox.paypal.com/v1/payments/payment/PAY-02769024TC4934301LMXECAY/execute","rel":"execute","method":"POST"}]}
